/home/ubuntu/learning3d/LearningFor3D_16825/assignment2/assignment2-master/r2n2_custom.py:207: UserWarning: The following categories are included in R2N2'sofficial mapping but not found in the dataset location /home/ubuntu/learning3d/r2n2_shapenet_dataset/shapenet: 04256520, 02933112, 02828884, 03211117, 04090263, 03691459, 03636649, 04401088, 02691156, 04379243, 02958343, 04530566
  warnings.warn(msg)
 category   #instances
----------  ------------
  chair     61000
  total     61000
Starting training !
voxel pred : torch.Size([32, 1, 32, 32, 32])
[   0/1000]; ttime: 18 (5.54, 17.82); loss: 0.899
voxel pred : torch.Size([32, 1, 32, 32, 32])
[   1/1000]; ttime: 18 (0.01, 0.02); loss: 0.889
voxel pred : torch.Size([32, 1, 32, 32, 32])
[   2/1000]; ttime: 18 (0.03, 0.06); loss: 0.874
voxel pred : torch.Size([32, 1, 32, 32, 32])
[   3/1000]; ttime: 18 (0.01, 0.02); loss: 0.871
voxel pred : torch.Size([32, 1, 32, 32, 32])
[   4/1000]; ttime: 22 (4.00, 4.01); loss: 0.860
voxel pred : torch.Size([32, 1, 32, 32, 32])
[   5/1000]; ttime: 22 (0.00, 0.02); loss: 0.855
voxel pred : torch.Size([32, 1, 32, 32, 32])
[   6/1000]; ttime: 22 (0.01, 0.02); loss: 0.847
voxel pred : torch.Size([32, 1, 32, 32, 32])
[   7/1000]; ttime: 22 (0.01, 0.02); loss: 0.844
voxel pred : torch.Size([32, 1, 32, 32, 32])
[   8/1000]; ttime: 30 (7.62, 7.63); loss: 0.839
voxel pred : torch.Size([32, 1, 32, 32, 32])
[   9/1000]; ttime: 30 (0.00, 0.01); loss: 0.836
voxel pred : torch.Size([32, 1, 32, 32, 32])
[  10/1000]; ttime: 30 (0.00, 0.01); loss: 0.828
voxel pred : torch.Size([32, 1, 32, 32, 32])
[  11/1000]; ttime: 30 (0.00, 0.01); loss: 0.828
voxel pred : torch.Size([32, 1, 32, 32, 32])
[  12/1000]; ttime: 34 (4.06, 4.06); loss: 0.824
voxel pred : torch.Size([32, 1, 32, 32, 32])
[  13/1000]; ttime: 34 (0.00, 0.01); loss: 0.813
voxel pred : torch.Size([32, 1, 32, 32, 32])
[  14/1000]; ttime: 34 (0.00, 0.02); loss: 0.813
voxel pred : torch.Size([32, 1, 32, 32, 32])
[  15/1000]; ttime: 34 (0.00, 0.03); loss: 0.808
voxel pred : torch.Size([32, 1, 32, 32, 32])
[  16/1000]; ttime: 39 (5.42, 5.43); loss: 0.810
voxel pred : torch.Size([32, 1, 32, 32, 32])
[  17/1000]; ttime: 39 (0.02, 0.02); loss: 0.809
voxel pred : torch.Size([32, 1, 32, 32, 32])
[  18/1000]; ttime: 40 (0.00, 0.02); loss: 0.807
voxel pred : torch.Size([32, 1, 32, 32, 32])
[  19/1000]; ttime: 40 (0.11, 0.11); loss: 0.803
voxel pred : torch.Size([32, 1, 32, 32, 32])
[  20/1000]; ttime: 48 (8.73, 8.73); loss: 0.801
voxel pred : torch.Size([32, 1, 32, 32, 32])
[  21/1000]; ttime: 48 (0.00, 0.02); loss: 0.800
voxel pred : torch.Size([32, 1, 32, 32, 32])
[  22/1000]; ttime: 48 (0.00, 0.01); loss: 0.797
voxel pred : torch.Size([32, 1, 32, 32, 32])
[  23/1000]; ttime: 49 (0.34, 0.35); loss: 0.797
voxel pred : torch.Size([32, 1, 32, 32, 32])
[  24/1000]; ttime: 52 (3.33, 3.33); loss: 0.791
voxel pred : torch.Size([32, 1, 32, 32, 32])
[  25/1000]; ttime: 55 (2.42, 2.43); loss: 0.795
voxel pred : torch.Size([32, 1, 32, 32, 32])
[  26/1000]; ttime: 55 (0.00, 0.01); loss: 0.792
voxel pred : torch.Size([32, 1, 32, 32, 32])
[  27/1000]; ttime: 55 (0.00, 0.01); loss: 0.791
voxel pred : torch.Size([32, 1, 32, 32, 32])
[  28/1000]; ttime: 56 (1.64, 1.65); loss: 0.792
voxel pred : torch.Size([32, 1, 32, 32, 32])
[  29/1000]; ttime: 61 (4.91, 4.92); loss: 0.787
voxel pred : torch.Size([32, 1, 32, 32, 32])
[  30/1000]; ttime: 62 (0.24, 0.24); loss: 0.789
voxel pred : torch.Size([32, 1, 32, 32, 32])
[  31/1000]; ttime: 62 (0.00, 0.02); loss: 0.788
voxel pred : torch.Size([32, 1, 32, 32, 32])
[  32/1000]; ttime: 63 (1.25, 1.26); loss: 0.789
voxel pred : torch.Size([32, 1, 32, 32, 32])
[  33/1000]; ttime: 66 (3.12, 3.12); loss: 0.787
voxel pred : torch.Size([32, 1, 32, 32, 32])
[  34/1000]; ttime: 67 (0.76, 0.77); loss: 0.787
voxel pred : torch.Size([32, 1, 32, 32, 32])
[  35/1000]; ttime: 69 (1.83, 1.83); loss: 0.784
voxel pred : torch.Size([32, 1, 32, 32, 32])
[  36/1000]; ttime: 72 (2.79, 2.80); loss: 0.781
voxel pred : torch.Size([32, 1, 32, 32, 32])
[  37/1000]; ttime: 73 (1.12, 1.12); loss: 0.784
voxel pred : torch.Size([32, 1, 32, 32, 32])
[  38/1000]; ttime: 75 (2.46, 2.47); loss: 0.780
voxel pred : torch.Size([32, 1, 32, 32, 32])
[  39/1000]; ttime: 75 (0.00, 0.02); loss: 0.785
voxel pred : torch.Size([32, 1, 32, 32, 32])
[  40/1000]; ttime: 78 (2.79, 2.80); loss: 0.781
voxel pred : torch.Size([32, 1, 32, 32, 32])
[  41/1000]; ttime: 80 (1.86, 1.87); loss: 0.781
voxel pred : torch.Size([32, 1, 32, 32, 32])
[  42/1000]; ttime: 83 (3.02, 3.03); loss: 0.781
voxel pred : torch.Size([32, 1, 32, 32, 32])
[  43/1000]; ttime: 83 (0.00, 0.02); loss: 0.781
voxel pred : torch.Size([32, 1, 32, 32, 32])
[  44/1000]; ttime: 87 (4.31, 4.31); loss: 0.782
voxel pred : torch.Size([32, 1, 32, 32, 32])
[  45/1000]; ttime: 89 (1.25, 1.25); loss: 0.778
voxel pred : torch.Size([32, 1, 32, 32, 32])
[  46/1000]; ttime: 89 (0.00, 0.02); loss: 0.778
voxel pred : torch.Size([32, 1, 32, 32, 32])
[  47/1000]; ttime: 89 (0.00, 0.01); loss: 0.777
voxel pred : torch.Size([32, 1, 32, 32, 32])
[  48/1000]; ttime: 92 (3.49, 3.50); loss: 0.780
voxel pred : torch.Size([32, 1, 32, 32, 32])
[  49/1000]; ttime: 93 (0.99, 0.99); loss: 0.779
voxel pred : torch.Size([32, 1, 32, 32, 32])
[  50/1000]; ttime: 104 (10.52, 10.52); loss: 0.778
voxel pred : torch.Size([32, 1, 32, 32, 32])
[  51/1000]; ttime: 104 (0.00, 0.01); loss: 0.779
voxel pred : torch.Size([32, 1, 32, 32, 32])
[  52/1000]; ttime: 104 (0.00, 0.01); loss: 0.776
voxel pred : torch.Size([32, 1, 32, 32, 32])
[  53/1000]; ttime: 104 (0.00, 0.01); loss: 0.775
voxel pred : torch.Size([32, 1, 32, 32, 32])
[  54/1000]; ttime: 111 (7.32, 7.33); loss: 0.775
voxel pred : torch.Size([32, 1, 32, 32, 32])
[  55/1000]; ttime: 111 (0.00, 0.01); loss: 0.776
voxel pred : torch.Size([32, 1, 32, 32, 32])
[  56/1000]; ttime: 111 (0.00, 0.01); loss: 0.777
voxel pred : torch.Size([32, 1, 32, 32, 32])
[  57/1000]; ttime: 111 (0.01, 0.01); loss: 0.773
voxel pred : torch.Size([32, 1, 32, 32, 32])
[  58/1000]; ttime: 118 (6.61, 6.62); loss: 0.777
voxel pred : torch.Size([32, 1, 32, 32, 32])
[  59/1000]; ttime: 118 (0.00, 0.02); loss: 0.772
voxel pred : torch.Size([32, 1, 32, 32, 32])
[  60/1000]; ttime: 118 (0.01, 0.02); loss: 0.776
voxel pred : torch.Size([32, 1, 32, 32, 32])
[  61/1000]; ttime: 118 (0.00, 0.01); loss: 0.773
voxel pred : torch.Size([32, 1, 32, 32, 32])
[  62/1000]; ttime: 126 (7.72, 7.73); loss: 0.777
voxel pred : torch.Size([32, 1, 32, 32, 32])
[  63/1000]; ttime: 126 (0.01, 0.01); loss: 0.772
voxel pred : torch.Size([32, 1, 32, 32, 32])
[  64/1000]; ttime: 126 (0.01, 0.03); loss: 0.772
voxel pred : torch.Size([32, 1, 32, 32, 32])
[  65/1000]; ttime: 126 (0.00, 0.01); loss: 0.772
voxel pred : torch.Size([32, 1, 32, 32, 32])
[  66/1000]; ttime: 133 (7.21, 7.23); loss: 0.772
voxel pred : torch.Size([32, 1, 32, 32, 32])
[  67/1000]; ttime: 133 (0.00, 0.03); loss: 0.770
voxel pred : torch.Size([32, 1, 32, 32, 32])
[  68/1000]; ttime: 133 (0.01, 0.02); loss: 0.768
voxel pred : torch.Size([32, 1, 32, 32, 32])
[  69/1000]; ttime: 133 (0.23, 0.23); loss: 0.766
voxel pred : torch.Size([32, 1, 32, 32, 32])
[  70/1000]; ttime: 141 (7.18, 7.19); loss: 0.771
voxel pred : torch.Size([32, 1, 32, 32, 32])
[  71/1000]; ttime: 141 (0.01, 0.02); loss: 0.770
voxel pred : torch.Size([32, 1, 32, 32, 32])
[  72/1000]; ttime: 141 (0.02, 0.03); loss: 0.770
voxel pred : torch.Size([32, 1, 32, 32, 32])
[  73/1000]; ttime: 141 (0.00, 0.01); loss: 0.771
voxel pred : torch.Size([32, 1, 32, 32, 32])
[  74/1000]; ttime: 145 (4.32, 4.33); loss: 0.768
voxel pred : torch.Size([32, 1, 32, 32, 32])
[  75/1000]; ttime: 145 (0.00, 0.03); loss: 0.769
voxel pred : torch.Size([32, 1, 32, 32, 32])
[  76/1000]; ttime: 145 (0.00, 0.02); loss: 0.771
voxel pred : torch.Size([32, 1, 32, 32, 32])
[  77/1000]; ttime: 145 (0.00, 0.01); loss: 0.766
voxel pred : torch.Size([32, 1, 32, 32, 32])
[  78/1000]; ttime: 151 (5.33, 5.34); loss: 0.770
voxel pred : torch.Size([32, 1, 32, 32, 32])
[  79/1000]; ttime: 151 (0.01, 0.02); loss: 0.769
voxel pred : torch.Size([32, 1, 32, 32, 32])
[  80/1000]; ttime: 151 (0.00, 0.02); loss: 0.768
voxel pred : torch.Size([32, 1, 32, 32, 32])
[  81/1000]; ttime: 155 (3.79, 3.80); loss: 0.769
voxel pred : torch.Size([32, 1, 32, 32, 32])
[  82/1000]; ttime: 160 (5.01, 5.02); loss: 0.770
voxel pred : torch.Size([32, 1, 32, 32, 32])
[  83/1000]; ttime: 160 (0.01, 0.04); loss: 0.765
voxel pred : torch.Size([32, 1, 32, 32, 32])
[  84/1000]; ttime: 160 (0.00, 0.02); loss: 0.768
voxel pred : torch.Size([32, 1, 32, 32, 32])
[  85/1000]; ttime: 162 (2.28, 2.29); loss: 0.767
voxel pred : torch.Size([32, 1, 32, 32, 32])
[  86/1000]; ttime: 165 (2.88, 2.89); loss: 0.764
voxel pred : torch.Size([32, 1, 32, 32, 32])
[  87/1000]; ttime: 165 (0.00, 0.01); loss: 0.767
voxel pred : torch.Size([32, 1, 32, 32, 32])
[  88/1000]; ttime: 165 (0.00, 0.01); loss: 0.767
voxel pred : torch.Size([32, 1, 32, 32, 32])
[  89/1000]; ttime: 171 (6.12, 6.12); loss: 0.767
voxel pred : torch.Size([32, 1, 32, 32, 32])
[  90/1000]; ttime: 173 (1.53, 1.54); loss: 0.766
voxel pred : torch.Size([32, 1, 32, 32, 32])
[  91/1000]; ttime: 173 (0.01, 0.02); loss: 0.763
voxel pred : torch.Size([32, 1, 32, 32, 32])
[  92/1000]; ttime: 173 (0.01, 0.02); loss: 0.764
voxel pred : torch.Size([32, 1, 32, 32, 32])
[  93/1000]; ttime: 181 (7.90, 7.91); loss: 0.765
voxel pred : torch.Size([32, 1, 32, 32, 32])
[  94/1000]; ttime: 183 (2.27, 2.28); loss: 0.760
voxel pred : torch.Size([32, 1, 32, 32, 32])
[  95/1000]; ttime: 183 (0.01, 0.01); loss: 0.766
voxel pred : torch.Size([32, 1, 32, 32, 32])
[  96/1000]; ttime: 183 (0.03, 0.03); loss: 0.763
voxel pred : torch.Size([32, 1, 32, 32, 32])
[  97/1000]; ttime: 185 (1.98, 1.99); loss: 0.765
voxel pred : torch.Size([32, 1, 32, 32, 32])
[  98/1000]; ttime: 189 (3.55, 3.56); loss: 0.765
voxel pred : torch.Size([32, 1, 32, 32, 32])
[  99/1000]; ttime: 189 (0.00, 0.01); loss: 0.766
voxel pred : torch.Size([32, 1, 32, 32, 32])
Saving checkpoint at step 100
[ 100/1000]; ttime: 189 (0.02, 0.04); loss: 0.764
voxel pred : torch.Size([32, 1, 32, 32, 32])
[ 101/1000]; ttime: 195 (6.47, 6.48); loss: 0.765
voxel pred : torch.Size([32, 1, 32, 32, 32])
[ 102/1000]; ttime: 196 (0.98, 0.98); loss: 0.764
voxel pred : torch.Size([32, 1, 32, 32, 32])
[ 103/1000]; ttime: 196 (0.01, 0.01); loss: 0.766
voxel pred : torch.Size([32, 1, 32, 32, 32])
[ 104/1000]; ttime: 196 (0.02, 0.03); loss: 0.766
voxel pred : torch.Size([32, 1, 32, 32, 32])
[ 105/1000]; ttime: 206 (9.21, 9.22); loss: 0.767
voxel pred : torch.Size([32, 1, 32, 32, 32])
[ 106/1000]; ttime: 206 (0.01, 0.01); loss: 0.765
voxel pred : torch.Size([32, 1, 32, 32, 32])
[ 107/1000]; ttime: 206 (0.00, 0.01); loss: 0.763
voxel pred : torch.Size([32, 1, 32, 32, 32])
[ 108/1000]; ttime: 206 (0.02, 0.03); loss: 0.765
voxel pred : torch.Size([32, 1, 32, 32, 32])
[ 109/1000]; ttime: 215 (8.88, 8.89); loss: 0.763
voxel pred : torch.Size([32, 1, 32, 32, 32])
[ 110/1000]; ttime: 215 (0.01, 0.01); loss: 0.760
voxel pred : torch.Size([32, 1, 32, 32, 32])
[ 111/1000]; ttime: 215 (0.00, 0.01); loss: 0.761
voxel pred : torch.Size([32, 1, 32, 32, 32])
[ 112/1000]; ttime: 215 (0.00, 0.01); loss: 0.761
voxel pred : torch.Size([32, 1, 32, 32, 32])
[ 113/1000]; ttime: 219 (4.13, 4.14); loss: 0.765
voxel pred : torch.Size([32, 1, 32, 32, 32])
[ 114/1000]; ttime: 219 (0.00, 0.01); loss: 0.759
voxel pred : torch.Size([32, 1, 32, 32, 32])
[ 115/1000]; ttime: 219 (0.01, 0.01); loss: 0.766
voxel pred : torch.Size([32, 1, 32, 32, 32])
[ 116/1000]; ttime: 219 (0.00, 0.01); loss: 0.763
voxel pred : torch.Size([32, 1, 32, 32, 32])
[ 117/1000]; ttime: 227 (7.69, 7.70); loss: 0.761
voxel pred : torch.Size([32, 1, 32, 32, 32])
[ 118/1000]; ttime: 236 (8.91, 8.92); loss: 0.763
voxel pred : torch.Size([32, 1, 32, 32, 32])
[ 119/1000]; ttime: 236 (0.01, 0.02); loss: 0.759
voxel pred : torch.Size([32, 1, 32, 32, 32])
[ 120/1000]; ttime: 236 (0.02, 0.04); loss: 0.761
voxel pred : torch.Size([32, 1, 32, 32, 32])
[ 121/1000]; ttime: 236 (0.00, 0.01); loss: 0.757
voxel pred : torch.Size([32, 1, 32, 32, 32])
[ 122/1000]; ttime: 245 (9.03, 9.04); loss: 0.762
voxel pred : torch.Size([32, 1, 32, 32, 32])
[ 123/1000]; ttime: 245 (0.01, 0.01); loss: 0.759
voxel pred : torch.Size([32, 1, 32, 32, 32])
[ 124/1000]; ttime: 245 (0.00, 0.01); loss: 0.764
voxel pred : torch.Size([32, 1, 32, 32, 32])
[ 125/1000]; ttime: 245 (0.00, 0.01); loss: 0.760
voxel pred : torch.Size([32, 1, 32, 32, 32])
[ 126/1000]; ttime: 251 (6.23, 6.24); loss: 0.764
voxel pred : torch.Size([32, 1, 32, 32, 32])
[ 127/1000]; ttime: 251 (0.00, 0.01); loss: 0.761
voxel pred : torch.Size([32, 1, 32, 32, 32])
[ 128/1000]; ttime: 251 (0.00, 0.01); loss: 0.758
voxel pred : torch.Size([32, 1, 32, 32, 32])
[ 129/1000]; ttime: 251 (0.01, 0.03); loss: 0.759
voxel pred : torch.Size([32, 1, 32, 32, 32])
[ 130/1000]; ttime: 258 (6.21, 6.23); loss: 0.759
voxel pred : torch.Size([32, 1, 32, 32, 32])
[ 131/1000]; ttime: 258 (0.01, 0.03); loss: 0.761
voxel pred : torch.Size([32, 1, 32, 32, 32])
[ 132/1000]; ttime: 258 (0.00, 0.02); loss: 0.759
voxel pred : torch.Size([32, 1, 32, 32, 32])
[ 133/1000]; ttime: 258 (0.00, 0.01); loss: 0.760
voxel pred : torch.Size([32, 1, 32, 32, 32])
[ 134/1000]; ttime: 262 (4.63, 4.64); loss: 0.758
voxel pred : torch.Size([32, 1, 32, 32, 32])
[ 135/1000]; ttime: 262 (0.00, 0.02); loss: 0.759
voxel pred : torch.Size([32, 1, 32, 32, 32])
[ 136/1000]; ttime: 262 (0.00, 0.01); loss: 0.758
voxel pred : torch.Size([32, 1, 32, 32, 32])
[ 137/1000]; ttime: 262 (0.01, 0.02); loss: 0.756
voxel pred : torch.Size([32, 1, 32, 32, 32])
[ 138/1000]; ttime: 269 (6.24, 6.25); loss: 0.758
voxel pred : torch.Size([32, 1, 32, 32, 32])
[ 139/1000]; ttime: 269 (0.00, 0.02); loss: 0.758
voxel pred : torch.Size([32, 1, 32, 32, 32])
[ 140/1000]; ttime: 269 (0.00, 0.01); loss: 0.759
voxel pred : torch.Size([32, 1, 32, 32, 32])
[ 141/1000]; ttime: 269 (0.00, 0.01); loss: 0.761
voxel pred : torch.Size([32, 1, 32, 32, 32])
[ 142/1000]; ttime: 276 (7.52, 7.53); loss: 0.759
voxel pred : torch.Size([32, 1, 32, 32, 32])
[ 143/1000]; ttime: 278 (1.70, 1.71); loss: 0.754
voxel pred : torch.Size([32, 1, 32, 32, 32])
[ 144/1000]; ttime: 278 (0.01, 0.01); loss: 0.758
voxel pred : torch.Size([32, 1, 32, 32, 32])
[ 145/1000]; ttime: 278 (0.00, 0.01); loss: 0.756
voxel pred : torch.Size([32, 1, 32, 32, 32])
[ 146/1000]; ttime: 283 (4.67, 4.68); loss: 0.758
voxel pred : torch.Size([32, 1, 32, 32, 32])
[ 147/1000]; ttime: 287 (3.78, 3.78); loss: 0.757
voxel pred : torch.Size([32, 1, 32, 32, 32])
[ 148/1000]; ttime: 287 (0.00, 0.01); loss: 0.758
voxel pred : torch.Size([32, 1, 32, 32, 32])
[ 149/1000]; ttime: 287 (0.00, 0.01); loss: 0.757
voxel pred : torch.Size([32, 1, 32, 32, 32])
[ 150/1000]; ttime: 290 (3.15, 3.16); loss: 0.756
voxel pred : torch.Size([32, 1, 32, 32, 32])
[ 151/1000]; ttime: 291 (1.42, 1.43); loss: 0.756
voxel pred : torch.Size([32, 1, 32, 32, 32])
[ 152/1000]; ttime: 291 (0.01, 0.03); loss: 0.759
voxel pred : torch.Size([32, 1, 32, 32, 32])
[ 153/1000]; ttime: 291 (0.01, 0.03); loss: 0.757
voxel pred : torch.Size([32, 1, 32, 32, 32])
[ 154/1000]; ttime: 298 (6.44, 6.45); loss: 0.754
voxel pred : torch.Size([32, 1, 32, 32, 32])
[ 155/1000]; ttime: 301 (3.13, 3.14); loss: 0.757
voxel pred : torch.Size([32, 1, 32, 32, 32])
[ 156/1000]; ttime: 301 (0.01, 0.01); loss: 0.754
voxel pred : torch.Size([32, 1, 32, 32, 32])
[ 157/1000]; ttime: 301 (0.01, 0.01); loss: 0.756
voxel pred : torch.Size([32, 1, 32, 32, 32])
[ 158/1000]; ttime: 305 (3.77, 3.78); loss: 0.756
voxel pred : torch.Size([32, 1, 32, 32, 32])
[ 159/1000]; ttime: 309 (3.80, 3.81); loss: 0.754
voxel pred : torch.Size([32, 1, 32, 32, 32])
[ 160/1000]; ttime: 309 (0.00, 0.01); loss: 0.757
voxel pred : torch.Size([32, 1, 32, 32, 32])
[ 161/1000]; ttime: 309 (0.00, 0.01); loss: 0.756
voxel pred : torch.Size([32, 1, 32, 32, 32])
[ 162/1000]; ttime: 313 (3.69, 3.70); loss: 0.757
voxel pred : torch.Size([32, 1, 32, 32, 32])
[ 163/1000]; ttime: 314 (1.08, 1.09); loss: 0.753
voxel pred : torch.Size([32, 1, 32, 32, 32])
[ 164/1000]; ttime: 314 (0.00, 0.02); loss: 0.755
voxel pred : torch.Size([32, 1, 32, 32, 32])
[ 165/1000]; ttime: 314 (0.01, 0.03); loss: 0.755
voxel pred : torch.Size([32, 1, 32, 32, 32])
[ 166/1000]; ttime: 317 (3.13, 3.14); loss: 0.754
voxel pred : torch.Size([32, 1, 32, 32, 32])
[ 167/1000]; ttime: 348 (31.34, 31.35); loss: 0.750
voxel pred : torch.Size([32, 1, 32, 32, 32])
[ 168/1000]; ttime: 348 (0.02, 0.03); loss: 0.754
voxel pred : torch.Size([32, 1, 32, 32, 32])
[ 169/1000]; ttime: 348 (0.00, 0.01); loss: 0.752
voxel pred : torch.Size([32, 1, 32, 32, 32])
[ 170/1000]; ttime: 348 (0.02, 0.03); loss: 0.754
voxel pred : torch.Size([32, 1, 32, 32, 32])
[ 171/1000]; ttime: 354 (5.96, 5.96); loss: 0.754
voxel pred : torch.Size([32, 1, 32, 32, 32])
[ 172/1000]; ttime: 354 (0.00, 0.01); loss: 0.754
voxel pred : torch.Size([32, 1, 32, 32, 32])
[ 173/1000]; ttime: 354 (0.01, 0.02); loss: 0.758
voxel pred : torch.Size([32, 1, 32, 32, 32])
[ 174/1000]; ttime: 354 (0.00, 0.01); loss: 0.784
voxel pred : torch.Size([32, 1, 32, 32, 32])
[ 175/1000]; ttime: 361 (6.79, 6.80); loss: 0.751
voxel pred : torch.Size([32, 1, 32, 32, 32])
[ 176/1000]; ttime: 361 (0.02, 0.02); loss: 0.755
voxel pred : torch.Size([32, 1, 32, 32, 32])
[ 177/1000]; ttime: 361 (0.00, 0.01); loss: 0.759
voxel pred : torch.Size([32, 1, 32, 32, 32])
[ 178/1000]; ttime: 361 (0.00, 0.02); loss: 0.757
voxel pred : torch.Size([32, 1, 32, 32, 32])
[ 179/1000]; ttime: 368 (6.51, 6.52); loss: 0.759
voxel pred : torch.Size([32, 1, 32, 32, 32])
[ 180/1000]; ttime: 368 (0.00, 0.01); loss: 0.760
voxel pred : torch.Size([32, 1, 32, 32, 32])
[ 181/1000]; ttime: 368 (0.02, 0.02); loss: 0.760
voxel pred : torch.Size([32, 1, 32, 32, 32])
[ 182/1000]; ttime: 368 (0.01, 0.01); loss: 0.758
voxel pred : torch.Size([32, 1, 32, 32, 32])
[ 183/1000]; ttime: 375 (6.67, 6.68); loss: 0.759
voxel pred : torch.Size([32, 1, 32, 32, 32])
[ 184/1000]; ttime: 375 (0.00, 0.01); loss: 0.756
voxel pred : torch.Size([32, 1, 32, 32, 32])
[ 185/1000]; ttime: 375 (0.00, 0.01); loss: 0.758
voxel pred : torch.Size([32, 1, 32, 32, 32])
[ 186/1000]; ttime: 375 (0.00, 0.01); loss: 0.757
voxel pred : torch.Size([32, 1, 32, 32, 32])
[ 187/1000]; ttime: 377 (2.25, 2.26); loss: 0.757
voxel pred : torch.Size([32, 1, 32, 32, 32])
[ 188/1000]; ttime: 377 (0.00, 0.01); loss: 0.754
voxel pred : torch.Size([32, 1, 32, 32, 32])
[ 189/1000]; ttime: 377 (0.00, 0.01); loss: 0.755
voxel pred : torch.Size([32, 1, 32, 32, 32])
[ 190/1000]; ttime: 384 (6.79, 7.10); loss: 0.756
voxel pred : torch.Size([32, 1, 32, 32, 32])
[ 191/1000]; ttime: 384 (0.00, 0.01); loss: 0.753
voxel pred : torch.Size([32, 1, 32, 32, 32])
[ 192/1000]; ttime: 385 (0.97, 0.98); loss: 0.751
voxel pred : torch.Size([32, 1, 32, 32, 32])
[ 193/1000]; ttime: 388 (2.32, 2.32); loss: 0.755
voxel pred : torch.Size([32, 1, 32, 32, 32])
[ 194/1000]; ttime: 390 (1.79, 1.80); loss: 0.753
voxel pred : torch.Size([32, 1, 32, 32, 32])
[ 195/1000]; ttime: 391 (1.10, 1.11); loss: 0.755
voxel pred : torch.Size([32, 1, 32, 32, 32])
[ 196/1000]; ttime: 396 (5.46, 5.46); loss: 0.752
voxel pred : torch.Size([32, 1, 32, 32, 32])
[ 197/1000]; ttime: 398 (1.79, 1.80); loss: 0.753
voxel pred : torch.Size([32, 1, 32, 32, 32])
[ 198/1000]; ttime: 398 (0.01, 0.02); loss: 0.754
voxel pred : torch.Size([32, 1, 32, 32, 32])
[ 199/1000]; ttime: 398 (0.02, 0.02); loss: 0.754
voxel pred : torch.Size([32, 1, 32, 32, 32])
Saving checkpoint at step 200
[ 200/1000]; ttime: 401 (3.15, 3.15); loss: 0.753
voxel pred : torch.Size([32, 1, 32, 32, 32])
[ 201/1000]; ttime: 405 (3.04, 3.04); loss: 0.752
voxel pred : torch.Size([32, 1, 32, 32, 32])
[ 202/1000]; ttime: 406 (1.03, 1.04); loss: 0.752
voxel pred : torch.Size([32, 1, 32, 32, 32])
[ 203/1000]; ttime: 406 (0.01, 0.01); loss: 0.753
voxel pred : torch.Size([32, 1, 32, 32, 32])
[ 204/1000]; ttime: 406 (0.49, 0.50); loss: 0.755
voxel pred : torch.Size([32, 1, 32, 32, 32])
[ 205/1000]; ttime: 414 (7.81, 7.81); loss: 0.750
voxel pred : torch.Size([32, 1, 32, 32, 32])
[ 206/1000]; ttime: 414 (0.00, 0.02); loss: 0.753
voxel pred : torch.Size([32, 1, 32, 32, 32])
[ 207/1000]; ttime: 414 (0.00, 0.02); loss: 0.751
voxel pred : torch.Size([32, 1, 32, 32, 32])
[ 208/1000]; ttime: 415 (0.92, 0.93); loss: 0.753
voxel pred : torch.Size([32, 1, 32, 32, 32])
[ 209/1000]; ttime: 420 (5.11, 5.12); loss: 0.752
voxel pred : torch.Size([32, 1, 32, 32, 32])
[ 210/1000]; ttime: 422 (2.11, 2.12); loss: 0.749
voxel pred : torch.Size([32, 1, 32, 32, 32])
[ 211/1000]; ttime: 422 (0.00, 0.01); loss: 0.751
voxel pred : torch.Size([32, 1, 32, 32, 32])
[ 212/1000]; ttime: 422 (0.00, 0.01); loss: 0.750
voxel pred : torch.Size([32, 1, 32, 32, 32])
[ 213/1000]; ttime: 426 (3.75, 3.76); loss: 0.749
voxel pred : torch.Size([32, 1, 32, 32, 32])
[ 214/1000]; ttime: 428 (1.48, 1.48); loss: 0.752
voxel pred : torch.Size([32, 1, 32, 32, 32])
[ 215/1000]; ttime: 428 (0.01, 0.02); loss: 0.748
voxel pred : torch.Size([32, 1, 32, 32, 32])
[ 216/1000]; ttime: 428 (0.00, 0.02); loss: 0.748
voxel pred : torch.Size([32, 1, 32, 32, 32])
[ 217/1000]; ttime: 435 (6.95, 6.96); loss: 0.752
voxel pred : torch.Size([32, 1, 32, 32, 32])
[ 218/1000]; ttime: 435 (0.00, 0.02); loss: 0.752
voxel pred : torch.Size([32, 1, 32, 32, 32])
[ 219/1000]; ttime: 435 (0.01, 0.03); loss: 0.749
voxel pred : torch.Size([32, 1, 32, 32, 32])
[ 220/1000]; ttime: 435 (0.02, 0.02); loss: 0.750
voxel pred : torch.Size([32, 1, 32, 32, 32])
[ 221/1000]; ttime: 441 (6.05, 6.06); loss: 0.751
voxel pred : torch.Size([32, 1, 32, 32, 32])
[ 222/1000]; ttime: 441 (0.00, 0.02); loss: 0.750
voxel pred : torch.Size([32, 1, 32, 32, 32])
[ 223/1000]; ttime: 441 (0.01, 0.02); loss: 0.750
voxel pred : torch.Size([32, 1, 32, 32, 32])
[ 224/1000]; ttime: 443 (1.71, 1.71); loss: 0.750
voxel pred : torch.Size([32, 1, 32, 32, 32])
[ 225/1000]; ttime: 446 (3.04, 3.04); loss: 0.751
voxel pred : torch.Size([32, 1, 32, 32, 32])
[ 226/1000]; ttime: 446 (0.00, 0.02); loss: 0.750
voxel pred : torch.Size([32, 1, 32, 32, 32])
[ 227/1000]; ttime: 446 (0.01, 0.03); loss: 0.751
voxel pred : torch.Size([32, 1, 32, 32, 32])
[ 228/1000]; ttime: 454 (8.58, 8.59); loss: 0.747
voxel pred : torch.Size([32, 1, 32, 32, 32])
[ 229/1000]; ttime: 455 (0.01, 0.02); loss: 0.750
voxel pred : torch.Size([32, 1, 32, 32, 32])
[ 230/1000]; ttime: 455 (0.00, 0.02); loss: 0.747
voxel pred : torch.Size([32, 1, 32, 32, 32])
[ 231/1000]; ttime: 455 (0.00, 0.01); loss: 0.747
voxel pred : torch.Size([32, 1, 32, 32, 32])
[ 232/1000]; ttime: 465 (9.89, 9.89); loss: 0.749
voxel pred : torch.Size([32, 1, 32, 32, 32])
[ 233/1000]; ttime: 465 (0.00, 0.02); loss: 0.747
voxel pred : torch.Size([32, 1, 32, 32, 32])
[ 234/1000]; ttime: 465 (0.01, 0.02); loss: 0.747
voxel pred : torch.Size([32, 1, 32, 32, 32])
[ 235/1000]; ttime: 465 (0.00, 0.03); loss: 0.745
voxel pred : torch.Size([32, 1, 32, 32, 32])
[ 236/1000]; ttime: 472 (7.83, 7.84); loss: 0.747
voxel pred : torch.Size([32, 1, 32, 32, 32])
[ 237/1000]; ttime: 472 (0.00, 0.01); loss: 0.748
voxel pred : torch.Size([32, 1, 32, 32, 32])
[ 238/1000]; ttime: 473 (0.00, 0.01); loss: 0.746
voxel pred : torch.Size([32, 1, 32, 32, 32])
[ 239/1000]; ttime: 473 (0.02, 0.03); loss: 0.745
voxel pred : torch.Size([32, 1, 32, 32, 32])
[ 240/1000]; ttime: 476 (3.23, 3.23); loss: 0.746
voxel pred : torch.Size([32, 1, 32, 32, 32])
[ 241/1000]; ttime: 476 (0.00, 0.01); loss: 0.745
voxel pred : torch.Size([32, 1, 32, 32, 32])
[ 242/1000]; ttime: 476 (0.00, 0.02); loss: 0.745
voxel pred : torch.Size([32, 1, 32, 32, 32])
[ 243/1000]; ttime: 476 (0.00, 0.01); loss: 0.746
voxel pred : torch.Size([32, 1, 32, 32, 32])
[ 244/1000]; ttime: 512 (35.95, 35.96); loss: 0.746
voxel pred : torch.Size([32, 1, 32, 32, 32])
[ 245/1000]; ttime: 512 (0.03, 0.03); loss: 0.745
voxel pred : torch.Size([32, 1, 32, 32, 32])
[ 246/1000]; ttime: 512 (0.01, 0.02); loss: 0.745
voxel pred : torch.Size([32, 1, 32, 32, 32])
[ 247/1000]; ttime: 512 (0.00, 0.01); loss: 0.747
voxel pred : torch.Size([32, 1, 32, 32, 32])
[ 248/1000]; ttime: 516 (4.18, 4.20); loss: 0.748
voxel pred : torch.Size([32, 1, 32, 32, 32])
[ 249/1000]; ttime: 516 (0.00, 0.01); loss: 0.747
voxel pred : torch.Size([32, 1, 32, 32, 32])
[ 250/1000]; ttime: 516 (0.00, 0.01); loss: 0.748
voxel pred : torch.Size([32, 1, 32, 32, 32])
[ 251/1000]; ttime: 516 (0.00, 0.02); loss: 0.746
voxel pred : torch.Size([32, 1, 32, 32, 32])
[ 252/1000]; ttime: 523 (6.52, 6.53); loss: 0.746
voxel pred : torch.Size([32, 1, 32, 32, 32])
[ 253/1000]; ttime: 523 (0.00, 0.01); loss: 0.745
voxel pred : torch.Size([32, 1, 32, 32, 32])
[ 254/1000]; ttime: 523 (0.00, 0.02); loss: 0.745
voxel pred : torch.Size([32, 1, 32, 32, 32])
[ 255/1000]; ttime: 523 (0.30, 0.30); loss: 0.745
voxel pred : torch.Size([32, 1, 32, 32, 32])
[ 256/1000]; ttime: 532 (8.31, 8.31); loss: 0.744
voxel pred : torch.Size([32, 1, 32, 32, 32])
[ 257/1000]; ttime: 532 (0.01, 0.02); loss: 0.742
voxel pred : torch.Size([32, 1, 32, 32, 32])
[ 258/1000]; ttime: 532 (0.00, 0.02); loss: 0.744
voxel pred : torch.Size([32, 1, 32, 32, 32])
[ 259/1000]; ttime: 532 (0.01, 0.03); loss: 0.742
voxel pred : torch.Size([32, 1, 32, 32, 32])
[ 260/1000]; ttime: 538 (6.57, 6.58); loss: 0.742
voxel pred : torch.Size([32, 1, 32, 32, 32])
[ 261/1000]; ttime: 538 (0.00, 0.01); loss: 0.743
voxel pred : torch.Size([32, 1, 32, 32, 32])
[ 262/1000]; ttime: 539 (0.89, 0.90); loss: 0.743
voxel pred : torch.Size([32, 1, 32, 32, 32])
[ 263/1000]; ttime: 539 (0.02, 0.03); loss: 0.743
voxel pred : torch.Size([32, 1, 32, 32, 32])
[ 264/1000]; ttime: 547 (7.40, 7.40); loss: 0.745
voxel pred : torch.Size([32, 1, 32, 32, 32])
[ 265/1000]; ttime: 547 (0.00, 0.01); loss: 0.744
voxel pred : torch.Size([32, 1, 32, 32, 32])
[ 266/1000]; ttime: 547 (0.00, 0.01); loss: 0.742
voxel pred : torch.Size([32, 1, 32, 32, 32])
[ 267/1000]; ttime: 547 (0.02, 0.02); loss: 0.741
voxel pred : torch.Size([32, 1, 32, 32, 32])
[ 268/1000]; ttime: 551 (4.38, 4.38); loss: 0.743
voxel pred : torch.Size([32, 1, 32, 32, 32])
[ 269/1000]; ttime: 551 (0.00, 0.02); loss: 0.745
voxel pred : torch.Size([32, 1, 32, 32, 32])
[ 270/1000]; ttime: 551 (0.00, 0.01); loss: 0.742
voxel pred : torch.Size([32, 1, 32, 32, 32])
[ 271/1000]; ttime: 551 (0.00, 0.01); loss: 0.743
voxel pred : torch.Size([32, 1, 32, 32, 32])
[ 272/1000]; ttime: 556 (4.90, 4.91); loss: 0.743
voxel pred : torch.Size([32, 1, 32, 32, 32])
[ 273/1000]; ttime: 556 (0.01, 0.02); loss: 0.743
voxel pred : torch.Size([32, 1, 32, 32, 32])
[ 274/1000]; ttime: 556 (0.02, 0.03); loss: 0.744
voxel pred : torch.Size([32, 1, 32, 32, 32])
[ 275/1000]; ttime: 556 (0.00, 0.02); loss: 0.741
voxel pred : torch.Size([32, 1, 32, 32, 32])
[ 276/1000]; ttime: 566 (9.35, 9.36); loss: 0.741
voxel pred : torch.Size([32, 1, 32, 32, 32])
[ 277/1000]; ttime: 566 (0.00, 0.02); loss: 0.742
voxel pred : torch.Size([32, 1, 32, 32, 32])
[ 278/1000]; ttime: 566 (0.00, 0.02); loss: 0.741
voxel pred : torch.Size([32, 1, 32, 32, 32])
[ 279/1000]; ttime: 566 (0.02, 0.04); loss: 0.740
voxel pred : torch.Size([32, 1, 32, 32, 32])
[ 280/1000]; ttime: 575 (8.62, 8.63); loss: 0.743
voxel pred : torch.Size([32, 1, 32, 32, 32])
[ 281/1000]; ttime: 575 (0.00, 0.01); loss: 0.742
voxel pred : torch.Size([32, 1, 32, 32, 32])
[ 282/1000]; ttime: 575 (0.01, 0.01); loss: 0.741
voxel pred : torch.Size([32, 1, 32, 32, 32])
[ 283/1000]; ttime: 575 (0.00, 0.01); loss: 0.741
voxel pred : torch.Size([32, 1, 32, 32, 32])
[ 284/1000]; ttime: 581 (6.61, 6.62); loss: 0.740
voxel pred : torch.Size([32, 1, 32, 32, 32])
[ 285/1000]; ttime: 581 (0.00, 0.01); loss: 0.740
voxel pred : torch.Size([32, 1, 32, 32, 32])
[ 286/1000]; ttime: 581 (0.00, 0.01); loss: 0.744
voxel pred : torch.Size([32, 1, 32, 32, 32])
[ 287/1000]; ttime: 581 (0.00, 0.01); loss: 0.742
voxel pred : torch.Size([32, 1, 32, 32, 32])
[ 288/1000]; ttime: 588 (6.28, 6.28); loss: 0.740
voxel pred : torch.Size([32, 1, 32, 32, 32])
[ 289/1000]; ttime: 588 (0.00, 0.02); loss: 0.741
voxel pred : torch.Size([32, 1, 32, 32, 32])
[ 290/1000]; ttime: 588 (0.00, 0.01); loss: 0.740
voxel pred : torch.Size([32, 1, 32, 32, 32])
[ 291/1000]; ttime: 588 (0.01, 0.01); loss: 0.742
voxel pred : torch.Size([32, 1, 32, 32, 32])
[ 292/1000]; ttime: 593 (5.52, 5.53); loss: 0.738
voxel pred : torch.Size([32, 1, 32, 32, 32])
[ 293/1000]; ttime: 595 (1.61, 1.62); loss: 0.742
voxel pred : torch.Size([32, 1, 32, 32, 32])
[ 294/1000]; ttime: 595 (0.01, 0.02); loss: 0.740
voxel pred : torch.Size([32, 1, 32, 32, 32])
[ 295/1000]; ttime: 595 (0.00, 0.01); loss: 0.739
voxel pred : torch.Size([32, 1, 32, 32, 32])
[ 296/1000]; ttime: 597 (1.77, 1.78); loss: 0.739
voxel pred : torch.Size([32, 1, 32, 32, 32])
[ 297/1000]; ttime: 602 (4.88, 4.89); loss: 0.741
voxel pred : torch.Size([32, 1, 32, 32, 32])
[ 298/1000]; ttime: 602 (0.02, 0.02); loss: 0.737
voxel pred : torch.Size([32, 1, 32, 32, 32])
[ 299/1000]; ttime: 602 (0.01, 0.02); loss: 0.740
voxel pred : torch.Size([32, 1, 32, 32, 32])
Saving checkpoint at step 300
[ 300/1000]; ttime: 606 (4.19, 4.20); loss: 0.740
voxel pred : torch.Size([32, 1, 32, 32, 32])
[ 301/1000]; ttime: 607 (0.58, 0.59); loss: 0.739
voxel pred : torch.Size([32, 1, 32, 32, 32])
[ 302/1000]; ttime: 607 (0.00, 0.02); loss: 0.736
voxel pred : torch.Size([32, 1, 32, 32, 32])
[ 303/1000]; ttime: 610 (2.82, 2.82); loss: 0.741
voxel pred : torch.Size([32, 1, 32, 32, 32])
[ 304/1000]; ttime: 613 (2.57, 2.58); loss: 0.739
voxel pred : torch.Size([32, 1, 32, 32, 32])
[ 305/1000]; ttime: 613 (0.00, 0.02); loss: 0.739
voxel pred : torch.Size([32, 1, 32, 32, 32])
[ 306/1000]; ttime: 613 (0.01, 0.02); loss: 0.738
voxel pred : torch.Size([32, 1, 32, 32, 32])
[ 307/1000]; ttime: 614 (1.54, 1.55); loss: 0.737
voxel pred : torch.Size([32, 1, 32, 32, 32])
[ 308/1000]; ttime: 621 (6.57, 6.58); loss: 0.739
voxel pred : torch.Size([32, 1, 32, 32, 32])
[ 309/1000]; ttime: 621 (0.00, 0.02); loss: 0.738
voxel pred : torch.Size([32, 1, 32, 32, 32])
[ 310/1000]; ttime: 621 (0.00, 0.01); loss: 0.737
voxel pred : torch.Size([32, 1, 32, 32, 32])
[ 311/1000]; ttime: 622 (1.15, 1.16); loss: 0.739
voxel pred : torch.Size([32, 1, 32, 32, 32])
[ 312/1000]; ttime: 636 (13.89, 13.89); loss: 0.737
voxel pred : torch.Size([32, 1, 32, 32, 32])
[ 313/1000]; ttime: 636 (0.01, 0.02); loss: 0.735
voxel pred : torch.Size([32, 1, 32, 32, 32])
[ 314/1000]; ttime: 636 (0.00, 0.01); loss: 0.738
voxel pred : torch.Size([32, 1, 32, 32, 32])
[ 315/1000]; ttime: 636 (0.00, 0.01); loss: 0.737
voxel pred : torch.Size([32, 1, 32, 32, 32])
[ 316/1000]; ttime: 643 (6.71, 6.71); loss: 0.740
voxel pred : torch.Size([32, 1, 32, 32, 32])
[ 317/1000]; ttime: 643 (0.00, 0.01); loss: 0.738
voxel pred : torch.Size([32, 1, 32, 32, 32])
[ 318/1000]; ttime: 643 (0.00, 0.01); loss: 0.739
voxel pred : torch.Size([32, 1, 32, 32, 32])
[ 319/1000]; ttime: 643 (0.02, 0.04); loss: 0.733
voxel pred : torch.Size([32, 1, 32, 32, 32])
[ 320/1000]; ttime: 646 (3.44, 3.44); loss: 0.738
voxel pred : torch.Size([32, 1, 32, 32, 32])
[ 321/1000]; ttime: 646 (0.00, 0.01); loss: 0.737
voxel pred : torch.Size([32, 1, 32, 32, 32])
[ 322/1000]; ttime: 646 (0.00, 0.01); loss: 0.738
voxel pred : torch.Size([32, 1, 32, 32, 32])
[ 323/1000]; ttime: 646 (0.00, 0.01); loss: 0.737
voxel pred : torch.Size([32, 1, 32, 32, 32])
[ 324/1000]; ttime: 656 (9.68, 9.69); loss: 0.738
voxel pred : torch.Size([32, 1, 32, 32, 32])
[ 325/1000]; ttime: 656 (0.01, 0.01); loss: 0.737
voxel pred : torch.Size([32, 1, 32, 32, 32])
[ 326/1000]; ttime: 656 (0.00, 0.01); loss: 0.735
voxel pred : torch.Size([32, 1, 32, 32, 32])
[ 327/1000]; ttime: 656 (0.00, 0.01); loss: 0.738
voxel pred : torch.Size([32, 1, 32, 32, 32])
[ 328/1000]; ttime: 661 (4.89, 4.89); loss: 0.737
voxel pred : torch.Size([32, 1, 32, 32, 32])
[ 329/1000]; ttime: 663 (1.90, 1.91); loss: 0.737
voxel pred : torch.Size([32, 1, 32, 32, 32])
[ 330/1000]; ttime: 663 (0.00, 0.01); loss: 0.737
voxel pred : torch.Size([32, 1, 32, 32, 32])
[ 331/1000]; ttime: 663 (0.00, 0.01); loss: 0.737
voxel pred : torch.Size([32, 1, 32, 32, 32])
[ 332/1000]; ttime: 670 (6.74, 6.75); loss: 0.738
voxel pred : torch.Size([32, 1, 32, 32, 32])
[ 333/1000]; ttime: 670 (0.01, 0.01); loss: 0.735
voxel pred : torch.Size([32, 1, 32, 32, 32])
[ 334/1000]; ttime: 670 (0.03, 0.04); loss: 0.735
voxel pred : torch.Size([32, 1, 32, 32, 32])
[ 335/1000]; ttime: 670 (0.00, 0.01); loss: 0.736
voxel pred : torch.Size([32, 1, 32, 32, 32])
[ 336/1000]; ttime: 677 (6.64, 6.65); loss: 0.737
voxel pred : torch.Size([32, 1, 32, 32, 32])
[ 337/1000]; ttime: 677 (0.20, 0.21); loss: 0.736
voxel pred : torch.Size([32, 1, 32, 32, 32])
[ 338/1000]; ttime: 677 (0.01, 0.02); loss: 0.734
voxel pred : torch.Size([32, 1, 32, 32, 32])
[ 339/1000]; ttime: 678 (0.73, 0.73); loss: 0.734
voxel pred : torch.Size([32, 1, 32, 32, 32])
[ 340/1000]; ttime: 681 (3.25, 3.26); loss: 0.734
voxel pred : torch.Size([32, 1, 32, 32, 32])
[ 341/1000]; ttime: 686 (5.31, 5.32); loss: 0.736
voxel pred : torch.Size([32, 1, 32, 32, 32])
[ 342/1000]; ttime: 686 (0.00, 0.01); loss: 0.731
voxel pred : torch.Size([32, 1, 32, 32, 32])
[ 343/1000]; ttime: 686 (0.00, 0.01); loss: 0.733
voxel pred : torch.Size([32, 1, 32, 32, 32])
[ 344/1000]; ttime: 686 (0.00, 0.01); loss: 0.735
voxel pred : torch.Size([32, 1, 32, 32, 32])
[ 345/1000]; ttime: 694 (7.52, 7.53); loss: 0.735
voxel pred : torch.Size([32, 1, 32, 32, 32])
[ 346/1000]; ttime: 694 (0.00, 0.01); loss: 0.734
voxel pred : torch.Size([32, 1, 32, 32, 32])
[ 347/1000]; ttime: 694 (0.00, 0.01); loss: 0.733
voxel pred : torch.Size([32, 1, 32, 32, 32])
[ 348/1000]; ttime: 694 (0.00, 0.01); loss: 0.734
voxel pred : torch.Size([32, 1, 32, 32, 32])
[ 349/1000]; ttime: 700 (5.92, 5.93); loss: 0.735
voxel pred : torch.Size([32, 1, 32, 32, 32])
[ 350/1000]; ttime: 700 (0.01, 0.03); loss: 0.736
voxel pred : torch.Size([32, 1, 32, 32, 32])
[ 351/1000]; ttime: 700 (0.12, 0.13); loss: 0.734
voxel pred : torch.Size([32, 1, 32, 32, 32])
[ 352/1000]; ttime: 706 (5.50, 5.51); loss: 0.733
voxel pred : torch.Size([32, 1, 32, 32, 32])
[ 353/1000]; ttime: 709 (3.61, 3.62); loss: 0.734
voxel pred : torch.Size([32, 1, 32, 32, 32])
[ 354/1000]; ttime: 709 (0.02, 0.04); loss: 0.732
voxel pred : torch.Size([32, 1, 32, 32, 32])
[ 355/1000]; ttime: 709 (0.02, 0.02); loss: 0.732
voxel pred : torch.Size([32, 1, 32, 32, 32])
[ 356/1000]; ttime: 714 (4.68, 4.69); loss: 0.734
voxel pred : torch.Size([32, 1, 32, 32, 32])
[ 357/1000]; ttime: 717 (2.76, 2.77); loss: 0.736
voxel pred : torch.Size([32, 1, 32, 32, 32])
[ 358/1000]; ttime: 717 (0.01, 0.01); loss: 0.734
voxel pred : torch.Size([32, 1, 32, 32, 32])
[ 359/1000]; ttime: 717 (0.00, 0.01); loss: 0.731
voxel pred : torch.Size([32, 1, 32, 32, 32])
[ 360/1000]; ttime: 725 (8.31, 8.32); loss: 0.733
voxel pred : torch.Size([32, 1, 32, 32, 32])
[ 361/1000]; ttime: 725 (0.01, 0.03); loss: 0.733
voxel pred : torch.Size([32, 1, 32, 32, 32])
[ 362/1000]; ttime: 725 (0.00, 0.02); loss: 0.734
voxel pred : torch.Size([32, 1, 32, 32, 32])
[ 363/1000]; ttime: 726 (0.00, 0.01); loss: 0.732
voxel pred : torch.Size([32, 1, 32, 32, 32])
[ 364/1000]; ttime: 730 (4.75, 4.76); loss: 0.732
voxel pred : torch.Size([32, 1, 32, 32, 32])
[ 365/1000]; ttime: 734 (3.56, 3.57); loss: 0.736
voxel pred : torch.Size([32, 1, 32, 32, 32])
[ 366/1000]; ttime: 734 (0.00, 0.01); loss: 0.734
voxel pred : torch.Size([32, 1, 32, 32, 32])
[ 367/1000]; ttime: 734 (0.01, 0.01); loss: 0.735
voxel pred : torch.Size([32, 1, 32, 32, 32])
[ 368/1000]; ttime: 744 (9.79, 9.80); loss: 0.734
voxel pred : torch.Size([32, 1, 32, 32, 32])
[ 369/1000]; ttime: 744 (0.02, 0.03); loss: 0.734
voxel pred : torch.Size([32, 1, 32, 32, 32])
[ 370/1000]; ttime: 744 (0.01, 0.02); loss: 0.734
voxel pred : torch.Size([32, 1, 32, 32, 32])
[ 371/1000]; ttime: 744 (0.00, 0.01); loss: 0.732
voxel pred : torch.Size([32, 1, 32, 32, 32])
[ 372/1000]; ttime: 755 (10.78, 10.79); loss: 0.731
voxel pred : torch.Size([32, 1, 32, 32, 32])
[ 373/1000]; ttime: 755 (0.01, 0.01); loss: 0.733
voxel pred : torch.Size([32, 1, 32, 32, 32])
[ 374/1000]; ttime: 755 (0.00, 0.01); loss: 0.731
voxel pred : torch.Size([32, 1, 32, 32, 32])
[ 375/1000]; ttime: 755 (0.00, 0.01); loss: 0.733
voxel pred : torch.Size([32, 1, 32, 32, 32])
[ 376/1000]; ttime: 756 (1.57, 1.58); loss: 0.733
voxel pred : torch.Size([32, 1, 32, 32, 32])
[ 377/1000]; ttime: 756 (0.00, 0.01); loss: 0.730
voxel pred : torch.Size([32, 1, 32, 32, 32])
[ 378/1000]; ttime: 756 (0.00, 0.01); loss: 0.731
voxel pred : torch.Size([32, 1, 32, 32, 32])
[ 379/1000]; ttime: 756 (0.00, 0.01); loss: 0.733
voxel pred : torch.Size([32, 1, 32, 32, 32])
[ 380/1000]; ttime: 763 (6.27, 6.56); loss: 0.731
voxel pred : torch.Size([32, 1, 32, 32, 32])
[ 381/1000]; ttime: 763 (0.01, 0.03); loss: 0.732
voxel pred : torch.Size([32, 1, 32, 32, 32])
[ 382/1000]; ttime: 763 (0.00, 0.01); loss: 0.731
voxel pred : torch.Size([32, 1, 32, 32, 32])
[ 383/1000]; ttime: 764 (0.79, 0.80); loss: 0.733
voxel pred : torch.Size([32, 1, 32, 32, 32])
[ 384/1000]; ttime: 771 (6.64, 6.65); loss: 0.730
voxel pred : torch.Size([32, 1, 32, 32, 32])
[ 385/1000]; ttime: 771 (0.00, 0.02); loss: 0.730
voxel pred : torch.Size([32, 1, 32, 32, 32])
[ 386/1000]; ttime: 771 (0.00, 0.02); loss: 0.731
voxel pred : torch.Size([32, 1, 32, 32, 32])
[ 387/1000]; ttime: 771 (0.00, 0.02); loss: 0.730
voxel pred : torch.Size([32, 1, 32, 32, 32])
[ 388/1000]; ttime: 778 (7.02, 7.03); loss: 0.732
voxel pred : torch.Size([32, 1, 32, 32, 32])
[ 389/1000]; ttime: 778 (0.00, 0.02); loss: 0.730
voxel pred : torch.Size([32, 1, 32, 32, 32])
[ 390/1000]; ttime: 778 (0.02, 0.03); loss: 0.732
voxel pred : torch.Size([32, 1, 32, 32, 32])
[ 391/1000]; ttime: 784 (6.63, 6.64); loss: 0.730
voxel pred : torch.Size([32, 1, 32, 32, 32])
[ 392/1000]; ttime: 785 (0.02, 0.03); loss: 0.730
voxel pred : torch.Size([32, 1, 32, 32, 32])
[ 393/1000]; ttime: 785 (0.00, 0.02); loss: 0.734
voxel pred : torch.Size([32, 1, 32, 32, 32])
[ 394/1000]; ttime: 785 (0.33, 0.34); loss: 0.731
voxel pred : torch.Size([32, 1, 32, 32, 32])
[ 395/1000]; ttime: 792 (7.38, 7.39); loss: 0.731
voxel pred : torch.Size([32, 1, 32, 32, 32])
[ 396/1000]; ttime: 792 (0.00, 0.02); loss: 0.732
voxel pred : torch.Size([32, 1, 32, 32, 32])
[ 397/1000]; ttime: 794 (1.40, 1.41); loss: 0.729
voxel pred : torch.Size([32, 1, 32, 32, 32])
[ 398/1000]; ttime: 794 (0.01, 0.01); loss: 0.731
voxel pred : torch.Size([32, 1, 32, 32, 32])
[ 399/1000]; ttime: 801 (7.31, 7.32); loss: 0.728
voxel pred : torch.Size([32, 1, 32, 32, 32])
Saving checkpoint at step 400
[ 400/1000]; ttime: 812 (10.30, 10.31); loss: 0.732
voxel pred : torch.Size([32, 1, 32, 32, 32])
[ 401/1000]; ttime: 812 (0.01, 0.02); loss: 0.732
voxel pred : torch.Size([32, 1, 32, 32, 32])
[ 402/1000]; ttime: 812 (0.00, 0.01); loss: 0.730
voxel pred : torch.Size([32, 1, 32, 32, 32])
[ 403/1000]; ttime: 812 (0.00, 0.01); loss: 0.729
voxel pred : torch.Size([32, 1, 32, 32, 32])
[ 404/1000]; ttime: 815 (3.62, 3.62); loss: 0.732
voxel pred : torch.Size([32, 1, 32, 32, 32])
[ 405/1000]; ttime: 815 (0.00, 0.02); loss: 0.731
voxel pred : torch.Size([32, 1, 32, 32, 32])
[ 406/1000]; ttime: 816 (0.00, 0.01); loss: 0.732
voxel pred : torch.Size([32, 1, 32, 32, 32])
[ 407/1000]; ttime: 819 (3.71, 3.72); loss: 0.729
voxel pred : torch.Size([32, 1, 32, 32, 32])
[ 408/1000]; ttime: 820 (0.64, 0.65); loss: 0.729
voxel pred : torch.Size([32, 1, 32, 32, 32])
[ 409/1000]; ttime: 821 (0.73, 0.74); loss: 0.729
voxel pred : torch.Size([32, 1, 32, 32, 32])
[ 410/1000]; ttime: 821 (0.02, 0.02); loss: 0.728
voxel pred : torch.Size([32, 1, 32, 32, 32])
[ 411/1000]; ttime: 829 (8.67, 8.68); loss: 0.729
voxel pred : torch.Size([32, 1, 32, 32, 32])
[ 412/1000]; ttime: 829 (0.00, 0.01); loss: 0.730
voxel pred : torch.Size([32, 1, 32, 32, 32])
[ 413/1000]; ttime: 829 (0.00, 0.01); loss: 0.728
voxel pred : torch.Size([32, 1, 32, 32, 32])
[ 414/1000]; ttime: 830 (0.00, 0.01); loss: 0.728
voxel pred : torch.Size([32, 1, 32, 32, 32])
[ 415/1000]; ttime: 835 (5.66, 5.66); loss: 0.729
voxel pred : torch.Size([32, 1, 32, 32, 32])
[ 416/1000]; ttime: 837 (1.82, 1.83); loss: 0.728
voxel pred : torch.Size([32, 1, 32, 32, 32])
[ 417/1000]; ttime: 837 (0.01, 0.01); loss: 0.729
voxel pred : torch.Size([32, 1, 32, 32, 32])
[ 418/1000]; ttime: 837 (0.00, 0.01); loss: 0.729
voxel pred : torch.Size([32, 1, 32, 32, 32])
[ 419/1000]; ttime: 841 (4.11, 4.12); loss: 0.730
voxel pred : torch.Size([32, 1, 32, 32, 32])
[ 420/1000]; ttime: 842 (0.72, 0.73); loss: 0.728
voxel pred : torch.Size([32, 1, 32, 32, 32])
[ 421/1000]; ttime: 842 (0.00, 0.01); loss: 0.729
voxel pred : torch.Size([32, 1, 32, 32, 32])
[ 422/1000]; ttime: 844 (1.78, 1.78); loss: 0.729
voxel pred : torch.Size([32, 1, 32, 32, 32])
[ 423/1000]; ttime: 850 (6.42, 6.43); loss: 0.733
voxel pred : torch.Size([32, 1, 32, 32, 32])
[ 424/1000]; ttime: 851 (0.50, 0.50); loss: 0.729
voxel pred : torch.Size([32, 1, 32, 32, 32])
[ 425/1000]; ttime: 851 (0.02, 0.02); loss: 0.728
voxel pred : torch.Size([32, 1, 32, 32, 32])
[ 426/1000]; ttime: 853 (2.56, 2.57); loss: 0.727
voxel pred : torch.Size([32, 1, 32, 32, 32])
[ 427/1000]; ttime: 858 (4.21, 4.21); loss: 0.728
voxel pred : torch.Size([32, 1, 32, 32, 32])
[ 428/1000]; ttime: 858 (0.01, 0.03); loss: 0.729
voxel pred : torch.Size([32, 1, 32, 32, 32])
[ 429/1000]; ttime: 858 (0.01, 0.02); loss: 0.731
voxel pred : torch.Size([32, 1, 32, 32, 32])
[ 430/1000]; ttime: 864 (6.11, 6.11); loss: 0.725
voxel pred : torch.Size([32, 1, 32, 32, 32])
[ 431/1000]; ttime: 864 (0.32, 0.32); loss: 0.728
voxel pred : torch.Size([32, 1, 32, 32, 32])
[ 432/1000]; ttime: 864 (0.00, 0.01); loss: 0.728
voxel pred : torch.Size([32, 1, 32, 32, 32])
[ 433/1000]; ttime: 864 (0.00, 0.01); loss: 0.730
voxel pred : torch.Size([32, 1, 32, 32, 32])
[ 434/1000]; ttime: 872 (7.46, 7.47); loss: 0.730
voxel pred : torch.Size([32, 1, 32, 32, 32])
[ 435/1000]; ttime: 872 (0.00, 0.02); loss: 0.729
voxel pred : torch.Size([32, 1, 32, 32, 32])
[ 436/1000]; ttime: 872 (0.00, 0.01); loss: 0.729
voxel pred : torch.Size([32, 1, 32, 32, 32])
[ 437/1000]; ttime: 872 (0.00, 0.02); loss: 0.729
voxel pred : torch.Size([32, 1, 32, 32, 32])
[ 438/1000]; ttime: 879 (6.76, 6.77); loss: 0.728
voxel pred : torch.Size([32, 1, 32, 32, 32])
[ 439/1000]; ttime: 879 (0.25, 0.26); loss: 0.727
voxel pred : torch.Size([32, 1, 32, 32, 32])
[ 440/1000]; ttime: 879 (0.00, 0.01); loss: 0.726
voxel pred : torch.Size([32, 1, 32, 32, 32])
[ 441/1000]; ttime: 879 (0.01, 0.02); loss: 0.728
voxel pred : torch.Size([32, 1, 32, 32, 32])
[ 442/1000]; ttime: 883 (4.11, 4.12); loss: 0.728
voxel pred : torch.Size([32, 1, 32, 32, 32])
[ 443/1000]; ttime: 887 (4.12, 4.12); loss: 0.726
voxel pred : torch.Size([32, 1, 32, 32, 32])
[ 444/1000]; ttime: 887 (0.00, 0.02); loss: 0.726
voxel pred : torch.Size([32, 1, 32, 32, 32])
[ 445/1000]; ttime: 887 (0.01, 0.02); loss: 0.728
voxel pred : torch.Size([32, 1, 32, 32, 32])
[ 446/1000]; ttime: 890 (2.26, 2.27); loss: 0.729
voxel pred : torch.Size([32, 1, 32, 32, 32])
[ 447/1000]; ttime: 894 (4.45, 4.45); loss: 0.726
voxel pred : torch.Size([32, 1, 32, 32, 32])
[ 448/1000]; ttime: 894 (0.02, 0.04); loss: 0.728
voxel pred : torch.Size([32, 1, 32, 32, 32])
[ 449/1000]; ttime: 894 (0.01, 0.02); loss: 0.727
voxel pred : torch.Size([32, 1, 32, 32, 32])
[ 450/1000]; ttime: 898 (3.89, 3.90); loss: 0.725
voxel pred : torch.Size([32, 1, 32, 32, 32])
[ 451/1000]; ttime: 901 (2.82, 2.83); loss: 0.728
voxel pred : torch.Size([32, 1, 32, 32, 32])
[ 452/1000]; ttime: 901 (0.01, 0.01); loss: 0.726
voxel pred : torch.Size([32, 1, 32, 32, 32])
[ 453/1000]; ttime: 901 (0.01, 0.03); loss: 0.725
voxel pred : torch.Size([32, 1, 32, 32, 32])
[ 454/1000]; ttime: 906 (4.88, 4.88); loss: 0.728
voxel pred : torch.Size([32, 1, 32, 32, 32])
[ 455/1000]; ttime: 910 (4.22, 4.23); loss: 0.729
voxel pred : torch.Size([32, 1, 32, 32, 32])
[ 456/1000]; ttime: 910 (0.00, 0.01); loss: 0.728
voxel pred : torch.Size([32, 1, 32, 32, 32])
[ 457/1000]; ttime: 910 (0.01, 0.01); loss: 0.725
voxel pred : torch.Size([32, 1, 32, 32, 32])
[ 458/1000]; ttime: 912 (1.60, 1.61); loss: 0.725
voxel pred : torch.Size([32, 1, 32, 32, 32])
[ 459/1000]; ttime: 916 (4.03, 4.03); loss: 0.728
voxel pred : torch.Size([32, 1, 32, 32, 32])
[ 460/1000]; ttime: 916 (0.00, 0.01); loss: 0.727
voxel pred : torch.Size([32, 1, 32, 32, 32])
[ 461/1000]; ttime: 916 (0.00, 0.01); loss: 0.725
voxel pred : torch.Size([32, 1, 32, 32, 32])
[ 462/1000]; ttime: 919 (2.67, 2.68); loss: 0.727
voxel pred : torch.Size([32, 1, 32, 32, 32])
[ 463/1000]; ttime: 922 (3.56, 3.56); loss: 0.725
voxel pred : torch.Size([32, 1, 32, 32, 32])
[ 464/1000]; ttime: 922 (0.00, 0.01); loss: 0.725
voxel pred : torch.Size([32, 1, 32, 32, 32])
[ 465/1000]; ttime: 922 (0.00, 0.01); loss: 0.726
voxel pred : torch.Size([32, 1, 32, 32, 32])
[ 466/1000]; ttime: 924 (1.49, 1.49); loss: 0.727
voxel pred : torch.Size([32, 1, 32, 32, 32])
[ 467/1000]; ttime: 931 (6.89, 6.90); loss: 0.725
voxel pred : torch.Size([32, 1, 32, 32, 32])
[ 468/1000]; ttime: 931 (0.02, 0.03); loss: 0.728
voxel pred : torch.Size([32, 1, 32, 32, 32])
[ 469/1000]; ttime: 931 (0.00, 0.01); loss: 0.724
voxel pred : torch.Size([32, 1, 32, 32, 32])
[ 470/1000]; ttime: 931 (0.46, 0.47); loss: 0.725
voxel pred : torch.Size([32, 1, 32, 32, 32])
[ 471/1000]; ttime: 939 (7.48, 7.49); loss: 0.725
voxel pred : torch.Size([32, 1, 32, 32, 32])
[ 472/1000]; ttime: 939 (0.00, 0.01); loss: 0.724
voxel pred : torch.Size([32, 1, 32, 32, 32])
[ 473/1000]; ttime: 939 (0.00, 0.01); loss: 0.725
voxel pred : torch.Size([32, 1, 32, 32, 32])
[ 474/1000]; ttime: 939 (0.00, 0.01); loss: 0.725
voxel pred : torch.Size([32, 1, 32, 32, 32])
[ 475/1000]; ttime: 943 (4.11, 4.11); loss: 0.725
voxel pred : torch.Size([32, 1, 32, 32, 32])
[ 476/1000]; ttime: 943 (0.00, 0.01); loss: 0.725
voxel pred : torch.Size([32, 1, 32, 32, 32])
[ 477/1000]; ttime: 943 (0.00, 0.02); loss: 0.723
voxel pred : torch.Size([32, 1, 32, 32, 32])
[ 478/1000]; ttime: 943 (0.00, 0.01); loss: 0.726
voxel pred : torch.Size([32, 1, 32, 32, 32])
[ 479/1000]; ttime: 954 (10.91, 10.92); loss: 0.723
voxel pred : torch.Size([32, 1, 32, 32, 32])
[ 480/1000]; ttime: 954 (0.01, 0.01); loss: 0.726
voxel pred : torch.Size([32, 1, 32, 32, 32])
[ 481/1000]; ttime: 954 (0.01, 0.01); loss: 0.724
voxel pred : torch.Size([32, 1, 32, 32, 32])
[ 482/1000]; ttime: 954 (0.00, 0.01); loss: 0.726
voxel pred : torch.Size([32, 1, 32, 32, 32])
[ 483/1000]; ttime: 963 (8.37, 8.38); loss: 0.725
voxel pred : torch.Size([32, 1, 32, 32, 32])
[ 484/1000]; ttime: 963 (0.01, 0.01); loss: 0.726
voxel pred : torch.Size([32, 1, 32, 32, 32])
[ 485/1000]; ttime: 963 (0.00, 0.01); loss: 0.725
voxel pred : torch.Size([32, 1, 32, 32, 32])
[ 486/1000]; ttime: 963 (0.01, 0.02); loss: 0.724
voxel pred : torch.Size([32, 1, 32, 32, 32])
[ 487/1000]; ttime: 968 (5.43, 5.45); loss: 0.728
voxel pred : torch.Size([32, 1, 32, 32, 32])
[ 488/1000]; ttime: 968 (0.01, 0.03); loss: 0.723
voxel pred : torch.Size([32, 1, 32, 32, 32])
[ 489/1000]; ttime: 968 (0.02, 0.04); loss: 0.725
voxel pred : torch.Size([32, 1, 32, 32, 32])
[ 490/1000]; ttime: 968 (0.00, 0.01); loss: 0.723
voxel pred : torch.Size([32, 1, 32, 32, 32])
[ 491/1000]; ttime: 974 (5.68, 5.69); loss: 0.727
voxel pred : torch.Size([32, 1, 32, 32, 32])
[ 492/1000]; ttime: 974 (0.00, 0.01); loss: 0.723
voxel pred : torch.Size([32, 1, 32, 32, 32])
[ 493/1000]; ttime: 974 (0.00, 0.01); loss: 0.723
voxel pred : torch.Size([32, 1, 32, 32, 32])
[ 494/1000]; ttime: 974 (0.02, 0.03); loss: 0.723
voxel pred : torch.Size([32, 1, 32, 32, 32])
[ 495/1000]; ttime: 983 (8.99, 9.00); loss: 0.721
voxel pred : torch.Size([32, 1, 32, 32, 32])
[ 496/1000]; ttime: 983 (0.00, 0.01); loss: 0.723
voxel pred : torch.Size([32, 1, 32, 32, 32])
[ 497/1000]; ttime: 983 (0.00, 0.02); loss: 0.724
voxel pred : torch.Size([32, 1, 32, 32, 32])
[ 498/1000]; ttime: 983 (0.00, 0.02); loss: 0.724
voxel pred : torch.Size([32, 1, 32, 32, 32])
[ 499/1000]; ttime: 992 (8.27, 8.28); loss: 0.725
voxel pred : torch.Size([32, 1, 32, 32, 32])
Saving checkpoint at step 500
[ 500/1000]; ttime: 992 (0.01, 0.01); loss: 0.723
voxel pred : torch.Size([32, 1, 32, 32, 32])
[ 501/1000]; ttime: 992 (0.00, 0.01); loss: 0.724
voxel pred : torch.Size([32, 1, 32, 32, 32])
[ 502/1000]; ttime: 992 (0.00, 0.01); loss: 0.724
voxel pred : torch.Size([32, 1, 32, 32, 32])
[ 503/1000]; ttime: 997 (5.28, 5.29); loss: 0.723
voxel pred : torch.Size([32, 1, 32, 32, 32])
[ 504/1000]; ttime: 997 (0.00, 0.01); loss: 0.721
voxel pred : torch.Size([32, 1, 32, 32, 32])
[ 505/1000]; ttime: 997 (0.01, 0.01); loss: 0.723
voxel pred : torch.Size([32, 1, 32, 32, 32])
[ 506/1000]; ttime: 997 (0.02, 0.04); loss: 0.724
voxel pred : torch.Size([32, 1, 32, 32, 32])
[ 507/1000]; ttime: 1006 (8.37, 8.38); loss: 0.722
voxel pred : torch.Size([32, 1, 32, 32, 32])
[ 508/1000]; ttime: 1006 (0.01, 0.01); loss: 0.721
voxel pred : torch.Size([32, 1, 32, 32, 32])
[ 509/1000]; ttime: 1006 (0.00, 0.01); loss: 0.723
voxel pred : torch.Size([32, 1, 32, 32, 32])
[ 510/1000]; ttime: 1006 (0.00, 0.01); loss: 0.723
voxel pred : torch.Size([32, 1, 32, 32, 32])
[ 511/1000]; ttime: 1015 (9.06, 9.07); loss: 0.722
voxel pred : torch.Size([32, 1, 32, 32, 32])
[ 512/1000]; ttime: 1015 (0.01, 0.01); loss: 0.721
voxel pred : torch.Size([32, 1, 32, 32, 32])
[ 513/1000]; ttime: 1015 (0.01, 0.02); loss: 0.721
voxel pred : torch.Size([32, 1, 32, 32, 32])
[ 514/1000]; ttime: 1015 (0.02, 0.04); loss: 0.721
voxel pred : torch.Size([32, 1, 32, 32, 32])
[ 515/1000]; ttime: 1020 (4.82, 4.83); loss: 0.721
voxel pred : torch.Size([32, 1, 32, 32, 32])
[ 516/1000]; ttime: 1020 (0.00, 0.02); loss: 0.723
voxel pred : torch.Size([32, 1, 32, 32, 32])
[ 517/1000]; ttime: 1020 (0.00, 0.01); loss: 0.722
voxel pred : torch.Size([32, 1, 32, 32, 32])
[ 518/1000]; ttime: 1020 (0.01, 0.03); loss: 0.720
voxel pred : torch.Size([32, 1, 32, 32, 32])
[ 519/1000]; ttime: 1027 (7.19, 7.20); loss: 0.721
voxel pred : torch.Size([32, 1, 32, 32, 32])
[ 520/1000]; ttime: 1027 (0.01, 0.03); loss: 0.720
voxel pred : torch.Size([32, 1, 32, 32, 32])
[ 521/1000]; ttime: 1027 (0.00, 0.01); loss: 0.725
voxel pred : torch.Size([32, 1, 32, 32, 32])
[ 522/1000]; ttime: 1027 (0.00, 0.01); loss: 0.720
voxel pred : torch.Size([32, 1, 32, 32, 32])
[ 523/1000]; ttime: 1034 (6.38, 6.38); loss: 0.721
voxel pred : torch.Size([32, 1, 32, 32, 32])
[ 524/1000]; ttime: 1034 (0.00, 0.01); loss: 0.723
voxel pred : torch.Size([32, 1, 32, 32, 32])
[ 525/1000]; ttime: 1034 (0.00, 0.01); loss: 0.721
voxel pred : torch.Size([32, 1, 32, 32, 32])
[ 526/1000]; ttime: 1034 (0.00, 0.01); loss: 0.723
voxel pred : torch.Size([32, 1, 32, 32, 32])
[ 527/1000]; ttime: 1068 (34.05, 34.06); loss: 0.721
voxel pred : torch.Size([32, 1, 32, 32, 32])
[ 528/1000]; ttime: 1068 (0.01, 0.02); loss: 0.722
voxel pred : torch.Size([32, 1, 32, 32, 32])
[ 529/1000]; ttime: 1068 (0.00, 0.01); loss: 0.724
voxel pred : torch.Size([32, 1, 32, 32, 32])
[ 530/1000]; ttime: 1068 (0.00, 0.01); loss: 0.723
voxel pred : torch.Size([32, 1, 32, 32, 32])
[ 531/1000]; ttime: 1072 (3.97, 3.98); loss: 0.722
voxel pred : torch.Size([32, 1, 32, 32, 32])
[ 532/1000]; ttime: 1072 (0.00, 0.02); loss: 0.722
voxel pred : torch.Size([32, 1, 32, 32, 32])
[ 533/1000]; ttime: 1072 (0.00, 0.01); loss: 0.722
voxel pred : torch.Size([32, 1, 32, 32, 32])
[ 534/1000]; ttime: 1072 (0.00, 0.01); loss: 0.722
voxel pred : torch.Size([32, 1, 32, 32, 32])
[ 535/1000]; ttime: 1081 (8.81, 8.82); loss: 0.721
voxel pred : torch.Size([32, 1, 32, 32, 32])
[ 536/1000]; ttime: 1081 (0.00, 0.01); loss: 0.722
voxel pred : torch.Size([32, 1, 32, 32, 32])
[ 537/1000]; ttime: 1081 (0.00, 0.01); loss: 0.720
voxel pred : torch.Size([32, 1, 32, 32, 32])
[ 538/1000]; ttime: 1081 (0.00, 0.01); loss: 0.721
voxel pred : torch.Size([32, 1, 32, 32, 32])
[ 539/1000]; ttime: 1088 (6.90, 6.91); loss: 0.720
voxel pred : torch.Size([32, 1, 32, 32, 32])
[ 540/1000]; ttime: 1089 (0.77, 0.78); loss: 0.721
voxel pred : torch.Size([32, 1, 32, 32, 32])
[ 541/1000]; ttime: 1089 (0.01, 0.02); loss: 0.721
voxel pred : torch.Size([32, 1, 32, 32, 32])
[ 542/1000]; ttime: 1089 (0.01, 0.02); loss: 0.721
voxel pred : torch.Size([32, 1, 32, 32, 32])
[ 543/1000]; ttime: 1098 (8.79, 8.80); loss: 0.719
voxel pred : torch.Size([32, 1, 32, 32, 32])
[ 544/1000]; ttime: 1098 (0.00, 0.01); loss: 0.721
voxel pred : torch.Size([32, 1, 32, 32, 32])
[ 545/1000]; ttime: 1098 (0.00, 0.01); loss: 0.722
voxel pred : torch.Size([32, 1, 32, 32, 32])
[ 546/1000]; ttime: 1098 (0.00, 0.01); loss: 0.720
voxel pred : torch.Size([32, 1, 32, 32, 32])
[ 547/1000]; ttime: 1104 (6.03, 6.04); loss: 0.719
voxel pred : torch.Size([32, 1, 32, 32, 32])
[ 548/1000]; ttime: 1104 (0.01, 0.02); loss: 0.720
voxel pred : torch.Size([32, 1, 32, 32, 32])
[ 549/1000]; ttime: 1104 (0.00, 0.01); loss: 0.722
voxel pred : torch.Size([32, 1, 32, 32, 32])
[ 550/1000]; ttime: 1104 (0.01, 0.02); loss: 0.718
voxel pred : torch.Size([32, 1, 32, 32, 32])
[ 551/1000]; ttime: 1111 (7.44, 7.45); loss: 0.719
voxel pred : torch.Size([32, 1, 32, 32, 32])
[ 552/1000]; ttime: 1111 (0.00, 0.01); loss: 0.720
voxel pred : torch.Size([32, 1, 32, 32, 32])
[ 553/1000]; ttime: 1112 (0.00, 0.01); loss: 0.718
voxel pred : torch.Size([32, 1, 32, 32, 32])
[ 554/1000]; ttime: 1112 (0.00, 0.01); loss: 0.718
voxel pred : torch.Size([32, 1, 32, 32, 32])
[ 555/1000]; ttime: 1117 (5.75, 5.75); loss: 0.721
voxel pred : torch.Size([32, 1, 32, 32, 32])
[ 556/1000]; ttime: 1117 (0.00, 0.01); loss: 0.719
voxel pred : torch.Size([32, 1, 32, 32, 32])
[ 557/1000]; ttime: 1117 (0.00, 0.01); loss: 0.720
voxel pred : torch.Size([32, 1, 32, 32, 32])
[ 558/1000]; ttime: 1117 (0.02, 0.03); loss: 0.720
voxel pred : torch.Size([32, 1, 32, 32, 32])
[ 559/1000]; ttime: 1126 (8.43, 8.43); loss: 0.721
voxel pred : torch.Size([32, 1, 32, 32, 32])
[ 560/1000]; ttime: 1126 (0.00, 0.01); loss: 0.721
voxel pred : torch.Size([32, 1, 32, 32, 32])
[ 561/1000]; ttime: 1126 (0.01, 0.02); loss: 0.720
voxel pred : torch.Size([32, 1, 32, 32, 32])
[ 562/1000]; ttime: 1126 (0.00, 0.01); loss: 0.720
voxel pred : torch.Size([32, 1, 32, 32, 32])
[ 563/1000]; ttime: 1133 (7.25, 7.26); loss: 0.718
voxel pred : torch.Size([32, 1, 32, 32, 32])
[ 564/1000]; ttime: 1133 (0.00, 0.01); loss: 0.721
voxel pred : torch.Size([32, 1, 32, 32, 32])
[ 565/1000]; ttime: 1133 (0.00, 0.01); loss: 0.719
voxel pred : torch.Size([32, 1, 32, 32, 32])
[ 566/1000]; ttime: 1133 (0.00, 0.01); loss: 0.719
voxel pred : torch.Size([32, 1, 32, 32, 32])
[ 567/1000]; ttime: 1138 (4.41, 4.42); loss: 0.719
voxel pred : torch.Size([32, 1, 32, 32, 32])
[ 568/1000]; ttime: 1138 (0.00, 0.01); loss: 0.722
voxel pred : torch.Size([32, 1, 32, 32, 32])
[ 569/1000]; ttime: 1138 (0.00, 0.01); loss: 0.720
voxel pred : torch.Size([32, 1, 32, 32, 32])
[ 570/1000]; ttime: 1143 (5.04, 5.38); loss: 0.719
voxel pred : torch.Size([32, 1, 32, 32, 32])
[ 571/1000]; ttime: 1145 (1.37, 1.38); loss: 0.720
voxel pred : torch.Size([32, 1, 32, 32, 32])
[ 572/1000]; ttime: 1147 (1.95, 1.96); loss: 0.722
voxel pred : torch.Size([32, 1, 32, 32, 32])
[ 573/1000]; ttime: 1147 (0.00, 0.03); loss: 0.721
voxel pred : torch.Size([32, 1, 32, 32, 32])
[ 574/1000]; ttime: 1150 (3.26, 3.27); loss: 0.716
voxel pred : torch.Size([32, 1, 32, 32, 32])
[ 575/1000]; ttime: 1151 (0.70, 0.72); loss: 0.719
voxel pred : torch.Size([32, 1, 32, 32, 32])
[ 576/1000]; ttime: 1157 (6.39, 6.40); loss: 0.717
voxel pred : torch.Size([32, 1, 32, 32, 32])
[ 577/1000]; ttime: 1157 (0.01, 0.01); loss: 0.721
voxel pred : torch.Size([32, 1, 32, 32, 32])
[ 578/1000]; ttime: 1161 (3.42, 3.43); loss: 0.718
voxel pred : torch.Size([32, 1, 32, 32, 32])
[ 579/1000]; ttime: 1161 (0.02, 0.02); loss: 0.720
voxel pred : torch.Size([32, 1, 32, 32, 32])
[ 580/1000]; ttime: 1162 (1.56, 1.57); loss: 0.719
voxel pred : torch.Size([32, 1, 32, 32, 32])
[ 581/1000]; ttime: 1162 (0.00, 0.01); loss: 0.718
voxel pred : torch.Size([32, 1, 32, 32, 32])
[ 582/1000]; ttime: 1165 (2.99, 3.00); loss: 0.718
voxel pred : torch.Size([32, 1, 32, 32, 32])
[ 583/1000]; ttime: 1166 (0.54, 0.54); loss: 0.716
voxel pred : torch.Size([32, 1, 32, 32, 32])
[ 584/1000]; ttime: 1169 (3.16, 3.16); loss: 0.716
voxel pred : torch.Size([32, 1, 32, 32, 32])
[ 585/1000]; ttime: 1169 (0.02, 0.02); loss: 0.721
voxel pred : torch.Size([32, 1, 32, 32, 32])
[ 586/1000]; ttime: 1173 (3.82, 3.83); loss: 0.719
voxel pred : torch.Size([32, 1, 32, 32, 32])
[ 587/1000]; ttime: 1176 (3.13, 3.14); loss: 0.720
voxel pred : torch.Size([32, 1, 32, 32, 32])
[ 588/1000]; ttime: 1177 (1.17, 1.18); loss: 0.719
voxel pred : torch.Size([32, 1, 32, 32, 32])
[ 589/1000]; ttime: 1177 (0.00, 0.01); loss: 0.717
voxel pred : torch.Size([32, 1, 32, 32, 32])
[ 590/1000]; ttime: 1180 (2.75, 2.76); loss: 0.718
voxel pred : torch.Size([32, 1, 32, 32, 32])
[ 591/1000]; ttime: 1181 (1.20, 1.21); loss: 0.719
voxel pred : torch.Size([32, 1, 32, 32, 32])
[ 592/1000]; ttime: 1181 (0.00, 0.02); loss: 0.719
voxel pred : torch.Size([32, 1, 32, 32, 32])
[ 593/1000]; ttime: 1184 (2.91, 2.92); loss: 0.718
voxel pred : torch.Size([32, 1, 32, 32, 32])
[ 594/1000]; ttime: 1186 (1.35, 1.35); loss: 0.720
voxel pred : torch.Size([32, 1, 32, 32, 32])
[ 595/1000]; ttime: 1187 (1.05, 1.05); loss: 0.715
voxel pred : torch.Size([32, 1, 32, 32, 32])
[ 596/1000]; ttime: 1189 (1.90, 1.90); loss: 0.719
voxel pred : torch.Size([32, 1, 32, 32, 32])
[ 597/1000]; ttime: 1195 (6.60, 6.61); loss: 0.718
voxel pred : torch.Size([32, 1, 32, 32, 32])
[ 598/1000]; ttime: 1196 (0.19, 0.20); loss: 0.718
voxel pred : torch.Size([32, 1, 32, 32, 32])
[ 599/1000]; ttime: 1196 (0.02, 0.02); loss: 0.717
voxel pred : torch.Size([32, 1, 32, 32, 32])
Saving checkpoint at step 600
[ 600/1000]; ttime: 1196 (0.01, 0.02); loss: 0.718
voxel pred : torch.Size([32, 1, 32, 32, 32])
[ 601/1000]; ttime: 1206 (9.64, 9.65); loss: 0.717
voxel pred : torch.Size([32, 1, 32, 32, 32])
[ 602/1000]; ttime: 1206 (0.01, 0.01); loss: 0.719
voxel pred : torch.Size([32, 1, 32, 32, 32])
[ 603/1000]; ttime: 1206 (0.00, 0.01); loss: 0.718
voxel pred : torch.Size([32, 1, 32, 32, 32])
[ 604/1000]; ttime: 1206 (0.01, 0.01); loss: 0.717
voxel pred : torch.Size([32, 1, 32, 32, 32])
[ 605/1000]; ttime: 1214 (8.77, 8.77); loss: 0.718
voxel pred : torch.Size([32, 1, 32, 32, 32])
[ 606/1000]; ttime: 1215 (0.01, 0.01); loss: 0.717
voxel pred : torch.Size([32, 1, 32, 32, 32])
[ 607/1000]; ttime: 1215 (0.00, 0.01); loss: 0.717
voxel pred : torch.Size([32, 1, 32, 32, 32])
[ 608/1000]; ttime: 1215 (0.01, 0.03); loss: 0.716
voxel pred : torch.Size([32, 1, 32, 32, 32])
[ 609/1000]; ttime: 1220 (5.69, 5.70); loss: 0.717
voxel pred : torch.Size([32, 1, 32, 32, 32])
[ 610/1000]; ttime: 1220 (0.01, 0.02); loss: 0.718
voxel pred : torch.Size([32, 1, 32, 32, 32])
[ 611/1000]; ttime: 1220 (0.01, 0.02); loss: 0.716
voxel pred : torch.Size([32, 1, 32, 32, 32])
[ 612/1000]; ttime: 1220 (0.00, 0.02); loss: 0.718
voxel pred : torch.Size([32, 1, 32, 32, 32])
[ 613/1000]; ttime: 1231 (10.56, 10.56); loss: 0.717
voxel pred : torch.Size([32, 1, 32, 32, 32])
[ 614/1000]; ttime: 1231 (0.01, 0.02); loss: 0.718
voxel pred : torch.Size([32, 1, 32, 32, 32])
[ 615/1000]; ttime: 1231 (0.00, 0.01); loss: 0.717
voxel pred : torch.Size([32, 1, 32, 32, 32])
[ 616/1000]; ttime: 1231 (0.00, 0.01); loss: 0.717
voxel pred : torch.Size([32, 1, 32, 32, 32])
[ 617/1000]; ttime: 1234 (3.21, 3.22); loss: 0.719
voxel pred : torch.Size([32, 1, 32, 32, 32])
[ 618/1000]; ttime: 1234 (0.00, 0.01); loss: 0.718
voxel pred : torch.Size([32, 1, 32, 32, 32])
[ 619/1000]; ttime: 1234 (0.00, 0.01); loss: 0.718
voxel pred : torch.Size([32, 1, 32, 32, 32])
[ 620/1000]; ttime: 1234 (0.00, 0.02); loss: 0.717
voxel pred : torch.Size([32, 1, 32, 32, 32])
[ 621/1000]; ttime: 1246 (11.40, 11.41); loss: 0.717
voxel pred : torch.Size([32, 1, 32, 32, 32])
[ 622/1000]; ttime: 1246 (0.01, 0.01); loss: 0.715
voxel pred : torch.Size([32, 1, 32, 32, 32])
[ 623/1000]; ttime: 1246 (0.01, 0.01); loss: 0.717
voxel pred : torch.Size([32, 1, 32, 32, 32])
[ 624/1000]; ttime: 1246 (0.02, 0.03); loss: 0.718
voxel pred : torch.Size([32, 1, 32, 32, 32])
[ 625/1000]; ttime: 1252 (5.59, 5.59); loss: 0.716
voxel pred : torch.Size([32, 1, 32, 32, 32])
[ 626/1000]; ttime: 1252 (0.00, 0.01); loss: 0.718
voxel pred : torch.Size([32, 1, 32, 32, 32])
[ 627/1000]; ttime: 1252 (0.02, 0.03); loss: 0.715
voxel pred : torch.Size([32, 1, 32, 32, 32])
[ 628/1000]; ttime: 1252 (0.00, 0.02); loss: 0.715
voxel pred : torch.Size([32, 1, 32, 32, 32])
[ 629/1000]; ttime: 1258 (6.68, 6.69); loss: 0.715
voxel pred : torch.Size([32, 1, 32, 32, 32])
[ 630/1000]; ttime: 1258 (0.00, 0.01); loss: 0.717
voxel pred : torch.Size([32, 1, 32, 32, 32])
[ 631/1000]; ttime: 1259 (0.01, 0.01); loss: 0.714
voxel pred : torch.Size([32, 1, 32, 32, 32])
[ 632/1000]; ttime: 1259 (0.00, 0.01); loss: 0.717
voxel pred : torch.Size([32, 1, 32, 32, 32])
[ 633/1000]; ttime: 1266 (7.35, 7.36); loss: 0.714
voxel pred : torch.Size([32, 1, 32, 32, 32])
[ 634/1000]; ttime: 1266 (0.00, 0.01); loss: 0.716
voxel pred : torch.Size([32, 1, 32, 32, 32])
[ 635/1000]; ttime: 1266 (0.01, 0.01); loss: 0.715
voxel pred : torch.Size([32, 1, 32, 32, 32])
[ 636/1000]; ttime: 1266 (0.02, 0.03); loss: 0.713
voxel pred : torch.Size([32, 1, 32, 32, 32])
[ 637/1000]; ttime: 1272 (6.29, 6.29); loss: 0.717
voxel pred : torch.Size([32, 1, 32, 32, 32])
[ 638/1000]; ttime: 1272 (0.00, 0.01); loss: 0.716
voxel pred : torch.Size([32, 1, 32, 32, 32])
[ 639/1000]; ttime: 1272 (0.00, 0.01); loss: 0.715
voxel pred : torch.Size([32, 1, 32, 32, 32])
[ 640/1000]; ttime: 1272 (0.00, 0.01); loss: 0.716
voxel pred : torch.Size([32, 1, 32, 32, 32])
[ 641/1000]; ttime: 1278 (5.12, 5.13); loss: 0.716
voxel pred : torch.Size([32, 1, 32, 32, 32])
[ 642/1000]; ttime: 1278 (0.01, 0.04); loss: 0.716
voxel pred : torch.Size([32, 1, 32, 32, 32])
[ 643/1000]; ttime: 1278 (0.00, 0.01); loss: 0.716
voxel pred : torch.Size([32, 1, 32, 32, 32])
[ 644/1000]; ttime: 1278 (0.00, 0.02); loss: 0.715
voxel pred : torch.Size([32, 1, 32, 32, 32])
[ 645/1000]; ttime: 1287 (9.35, 9.36); loss: 0.712
voxel pred : torch.Size([32, 1, 32, 32, 32])
[ 646/1000]; ttime: 1287 (0.01, 0.01); loss: 0.717
voxel pred : torch.Size([32, 1, 32, 32, 32])
[ 647/1000]; ttime: 1287 (0.00, 0.01); loss: 0.715
voxel pred : torch.Size([32, 1, 32, 32, 32])
[ 648/1000]; ttime: 1287 (0.00, 0.01); loss: 0.715
voxel pred : torch.Size([32, 1, 32, 32, 32])
[ 649/1000]; ttime: 1296 (8.44, 8.45); loss: 0.715
voxel pred : torch.Size([32, 1, 32, 32, 32])
[ 650/1000]; ttime: 1296 (0.00, 0.01); loss: 0.715
voxel pred : torch.Size([32, 1, 32, 32, 32])
[ 651/1000]; ttime: 1296 (0.00, 0.01); loss: 0.716
voxel pred : torch.Size([32, 1, 32, 32, 32])
[ 652/1000]; ttime: 1296 (0.01, 0.02); loss: 0.716
voxel pred : torch.Size([32, 1, 32, 32, 32])
[ 653/1000]; ttime: 1302 (6.17, 6.18); loss: 0.715
voxel pred : torch.Size([32, 1, 32, 32, 32])
[ 654/1000]; ttime: 1306 (4.27, 4.28); loss: 0.716
voxel pred : torch.Size([32, 1, 32, 32, 32])
[ 655/1000]; ttime: 1306 (0.01, 0.02); loss: 0.714
voxel pred : torch.Size([32, 1, 32, 32, 32])
[ 656/1000]; ttime: 1306 (0.01, 0.04); loss: 0.714
voxel pred : torch.Size([32, 1, 32, 32, 32])
[ 657/1000]; ttime: 1307 (0.21, 0.22); loss: 0.716
voxel pred : torch.Size([32, 1, 32, 32, 32])
[ 658/1000]; ttime: 1309 (2.41, 2.42); loss: 0.715
voxel pred : torch.Size([32, 1, 32, 32, 32])
[ 659/1000]; ttime: 1309 (0.00, 0.01); loss: 0.716
voxel pred : torch.Size([32, 1, 32, 32, 32])
[ 660/1000]; ttime: 1309 (0.01, 0.02); loss: 0.717
voxel pred : torch.Size([32, 1, 32, 32, 32])
[ 661/1000]; ttime: 1312 (2.86, 2.86); loss: 0.715
voxel pred : torch.Size([32, 1, 32, 32, 32])
[ 662/1000]; ttime: 1318 (5.88, 5.89); loss: 0.715
voxel pred : torch.Size([32, 1, 32, 32, 32])
[ 663/1000]; ttime: 1318 (0.00, 0.01); loss: 0.713
voxel pred : torch.Size([32, 1, 32, 32, 32])
[ 664/1000]; ttime: 1318 (0.00, 0.01); loss: 0.715
voxel pred : torch.Size([32, 1, 32, 32, 32])
[ 665/1000]; ttime: 1318 (0.00, 0.01); loss: 0.713
voxel pred : torch.Size([32, 1, 32, 32, 32])
[ 666/1000]; ttime: 1326 (8.18, 8.18); loss: 0.716
voxel pred : torch.Size([32, 1, 32, 32, 32])
[ 667/1000]; ttime: 1326 (0.00, 0.02); loss: 0.715
voxel pred : torch.Size([32, 1, 32, 32, 32])
[ 668/1000]; ttime: 1326 (0.02, 0.02); loss: 0.715
voxel pred : torch.Size([32, 1, 32, 32, 32])
[ 669/1000]; ttime: 1326 (0.00, 0.01); loss: 0.715
voxel pred : torch.Size([32, 1, 32, 32, 32])
[ 670/1000]; ttime: 1331 (4.58, 4.59); loss: 0.714
voxel pred : torch.Size([32, 1, 32, 32, 32])
[ 671/1000]; ttime: 1333 (2.07, 2.08); loss: 0.715
voxel pred : torch.Size([32, 1, 32, 32, 32])
[ 672/1000]; ttime: 1333 (0.00, 0.02); loss: 0.741
voxel pred : torch.Size([32, 1, 32, 32, 32])
[ 673/1000]; ttime: 1366 (32.59, 32.60); loss: 0.717
voxel pred : torch.Size([32, 1, 32, 32, 32])
[ 674/1000]; ttime: 1366 (0.02, 0.02); loss: 0.713
voxel pred : torch.Size([32, 1, 32, 32, 32])
[ 675/1000]; ttime: 1366 (0.01, 0.01); loss: 0.718
voxel pred : torch.Size([32, 1, 32, 32, 32])
[ 676/1000]; ttime: 1366 (0.02, 0.04); loss: 0.720
voxel pred : torch.Size([32, 1, 32, 32, 32])
[ 677/1000]; ttime: 1370 (4.39, 4.40); loss: 0.718
voxel pred : torch.Size([32, 1, 32, 32, 32])
[ 678/1000]; ttime: 1370 (0.00, 0.02); loss: 0.718
voxel pred : torch.Size([32, 1, 32, 32, 32])
[ 679/1000]; ttime: 1370 (0.02, 0.03); loss: 0.716
voxel pred : torch.Size([32, 1, 32, 32, 32])
[ 680/1000]; ttime: 1370 (0.00, 0.02); loss: 0.719
voxel pred : torch.Size([32, 1, 32, 32, 32])
[ 681/1000]; ttime: 1376 (5.25, 5.26); loss: 0.716
voxel pred : torch.Size([32, 1, 32, 32, 32])
[ 682/1000]; ttime: 1376 (0.00, 0.02); loss: 0.716
voxel pred : torch.Size([32, 1, 32, 32, 32])
[ 683/1000]; ttime: 1376 (0.02, 0.03); loss: 0.720
voxel pred : torch.Size([32, 1, 32, 32, 32])
[ 684/1000]; ttime: 1376 (0.00, 0.01); loss: 0.718
voxel pred : torch.Size([32, 1, 32, 32, 32])
[ 685/1000]; ttime: 1383 (7.08, 7.09); loss: 0.717
voxel pred : torch.Size([32, 1, 32, 32, 32])
[ 686/1000]; ttime: 1383 (0.00, 0.02); loss: 0.717
voxel pred : torch.Size([32, 1, 32, 32, 32])
[ 687/1000]; ttime: 1383 (0.00, 0.01); loss: 0.718
voxel pred : torch.Size([32, 1, 32, 32, 32])
[ 688/1000]; ttime: 1383 (0.01, 0.02); loss: 0.716
voxel pred : torch.Size([32, 1, 32, 32, 32])
[ 689/1000]; ttime: 1390 (7.38, 7.39); loss: 0.717
voxel pred : torch.Size([32, 1, 32, 32, 32])
[ 690/1000]; ttime: 1394 (3.44, 3.45); loss: 0.718
voxel pred : torch.Size([32, 1, 32, 32, 32])
[ 691/1000]; ttime: 1394 (0.01, 0.01); loss: 0.716
voxel pred : torch.Size([32, 1, 32, 32, 32])
[ 692/1000]; ttime: 1394 (0.01, 0.03); loss: 0.718
voxel pred : torch.Size([32, 1, 32, 32, 32])
[ 693/1000]; ttime: 1398 (4.12, 4.13); loss: 0.715
voxel pred : torch.Size([32, 1, 32, 32, 32])
[ 694/1000]; ttime: 1403 (4.69, 4.69); loss: 0.716
voxel pred : torch.Size([32, 1, 32, 32, 32])
[ 695/1000]; ttime: 1403 (0.01, 0.01); loss: 0.714
voxel pred : torch.Size([32, 1, 32, 32, 32])
[ 696/1000]; ttime: 1403 (0.00, 0.01); loss: 0.715
voxel pred : torch.Size([32, 1, 32, 32, 32])
[ 697/1000]; ttime: 1406 (3.24, 3.24); loss: 0.717
voxel pred : torch.Size([32, 1, 32, 32, 32])
[ 698/1000]; ttime: 1412 (6.35, 6.36); loss: 0.715
voxel pred : torch.Size([32, 1, 32, 32, 32])
[ 699/1000]; ttime: 1413 (0.01, 0.01); loss: 0.716
voxel pred : torch.Size([32, 1, 32, 32, 32])
Saving checkpoint at step 700
[ 700/1000]; ttime: 1413 (0.00, 0.01); loss: 0.715
voxel pred : torch.Size([32, 1, 32, 32, 32])
[ 701/1000]; ttime: 1413 (0.00, 0.01); loss: 0.714
voxel pred : torch.Size([32, 1, 32, 32, 32])
[ 702/1000]; ttime: 1417 (4.22, 4.23); loss: 0.714
voxel pred : torch.Size([32, 1, 32, 32, 32])
[ 703/1000]; ttime: 1417 (0.00, 0.02); loss: 0.715
voxel pred : torch.Size([32, 1, 32, 32, 32])
[ 704/1000]; ttime: 1417 (0.01, 0.02); loss: 0.715
voxel pred : torch.Size([32, 1, 32, 32, 32])
[ 705/1000]; ttime: 1417 (0.00, 0.01); loss: 0.713
voxel pred : torch.Size([32, 1, 32, 32, 32])
[ 706/1000]; ttime: 1423 (5.53, 5.54); loss: 0.715
voxel pred : torch.Size([32, 1, 32, 32, 32])
[ 707/1000]; ttime: 1423 (0.00, 0.01); loss: 0.711
voxel pred : torch.Size([32, 1, 32, 32, 32])
[ 708/1000]; ttime: 1423 (0.00, 0.02); loss: 0.715
voxel pred : torch.Size([32, 1, 32, 32, 32])
[ 709/1000]; ttime: 1428 (4.83, 4.83); loss: 0.715
voxel pred : torch.Size([32, 1, 32, 32, 32])
[ 710/1000]; ttime: 1431 (3.23, 3.25); loss: 0.714
voxel pred : torch.Size([32, 1, 32, 32, 32])
[ 711/1000]; ttime: 1431 (0.00, 0.02); loss: 0.713
voxel pred : torch.Size([32, 1, 32, 32, 32])
[ 712/1000]; ttime: 1431 (0.00, 0.02); loss: 0.715
voxel pred : torch.Size([32, 1, 32, 32, 32])
[ 713/1000]; ttime: 1434 (3.19, 3.20); loss: 0.714
voxel pred : torch.Size([32, 1, 32, 32, 32])
[ 714/1000]; ttime: 1440 (6.09, 6.10); loss: 0.714
voxel pred : torch.Size([32, 1, 32, 32, 32])
[ 715/1000]; ttime: 1440 (0.01, 0.01); loss: 0.715
voxel pred : torch.Size([32, 1, 32, 32, 32])
[ 716/1000]; ttime: 1440 (0.00, 0.01); loss: 0.714
voxel pred : torch.Size([32, 1, 32, 32, 32])
[ 717/1000]; ttime: 1440 (0.00, 0.01); loss: 0.714
voxel pred : torch.Size([32, 1, 32, 32, 32])
[ 718/1000]; ttime: 1446 (5.89, 5.89); loss: 0.714
voxel pred : torch.Size([32, 1, 32, 32, 32])
[ 719/1000]; ttime: 1446 (0.00, 0.01); loss: 0.713
voxel pred : torch.Size([32, 1, 32, 32, 32])
[ 720/1000]; ttime: 1446 (0.01, 0.01); loss: 0.714
voxel pred : torch.Size([32, 1, 32, 32, 32])
[ 721/1000]; ttime: 1446 (0.00, 0.01); loss: 0.713
voxel pred : torch.Size([32, 1, 32, 32, 32])
[ 722/1000]; ttime: 1454 (7.98, 7.99); loss: 0.715
voxel pred : torch.Size([32, 1, 32, 32, 32])
[ 723/1000]; ttime: 1454 (0.02, 0.02); loss: 0.714
voxel pred : torch.Size([32, 1, 32, 32, 32])
[ 724/1000]; ttime: 1454 (0.01, 0.03); loss: 0.713
voxel pred : torch.Size([32, 1, 32, 32, 32])
[ 725/1000]; ttime: 1455 (0.01, 0.02); loss: 0.714
voxel pred : torch.Size([32, 1, 32, 32, 32])
[ 726/1000]; ttime: 1461 (6.72, 6.73); loss: 0.712
voxel pred : torch.Size([32, 1, 32, 32, 32])
[ 727/1000]; ttime: 1461 (0.00, 0.01); loss: 0.713
voxel pred : torch.Size([32, 1, 32, 32, 32])
[ 728/1000]; ttime: 1461 (0.02, 0.03); loss: 0.712
voxel pred : torch.Size([32, 1, 32, 32, 32])
[ 729/1000]; ttime: 1461 (0.00, 0.02); loss: 0.713
voxel pred : torch.Size([32, 1, 32, 32, 32])
[ 730/1000]; ttime: 1464 (2.89, 2.90); loss: 0.710
voxel pred : torch.Size([32, 1, 32, 32, 32])
[ 731/1000]; ttime: 1468 (3.71, 3.71); loss: 0.713
voxel pred : torch.Size([32, 1, 32, 32, 32])
[ 732/1000]; ttime: 1468 (0.01, 0.02); loss: 0.712
voxel pred : torch.Size([32, 1, 32, 32, 32])
[ 733/1000]; ttime: 1468 (0.00, 0.01); loss: 0.714
voxel pred : torch.Size([32, 1, 32, 32, 32])
[ 734/1000]; ttime: 1470 (2.20, 2.21); loss: 0.712
voxel pred : torch.Size([32, 1, 32, 32, 32])
[ 735/1000]; ttime: 1479 (8.99, 9.01); loss: 0.712
voxel pred : torch.Size([32, 1, 32, 32, 32])
[ 736/1000]; ttime: 1479 (0.00, 0.01); loss: 0.713
voxel pred : torch.Size([32, 1, 32, 32, 32])
[ 737/1000]; ttime: 1479 (0.02, 0.04); loss: 0.711
voxel pred : torch.Size([32, 1, 32, 32, 32])
[ 738/1000]; ttime: 1479 (0.00, 0.03); loss: 0.712
voxel pred : torch.Size([32, 1, 32, 32, 32])
[ 739/1000]; ttime: 1484 (4.22, 4.23); loss: 0.713
voxel pred : torch.Size([32, 1, 32, 32, 32])
[ 740/1000]; ttime: 1484 (0.01, 0.02); loss: 0.710
voxel pred : torch.Size([32, 1, 32, 32, 32])
[ 741/1000]; ttime: 1484 (0.01, 0.03); loss: 0.712
voxel pred : torch.Size([32, 1, 32, 32, 32])
[ 742/1000]; ttime: 1484 (0.50, 0.51); loss: 0.710
voxel pred : torch.Size([32, 1, 32, 32, 32])
[ 743/1000]; ttime: 1493 (8.81, 8.82); loss: 0.711
voxel pred : torch.Size([32, 1, 32, 32, 32])
[ 744/1000]; ttime: 1493 (0.00, 0.01); loss: 0.713
voxel pred : torch.Size([32, 1, 32, 32, 32])
[ 745/1000]; ttime: 1493 (0.00, 0.01); loss: 0.712
voxel pred : torch.Size([32, 1, 32, 32, 32])
[ 746/1000]; ttime: 1493 (0.01, 0.01); loss: 0.714
voxel pred : torch.Size([32, 1, 32, 32, 32])
[ 747/1000]; ttime: 1498 (4.56, 4.56); loss: 0.712
voxel pred : torch.Size([32, 1, 32, 32, 32])
[ 748/1000]; ttime: 1498 (0.00, 0.01); loss: 0.711
voxel pred : torch.Size([32, 1, 32, 32, 32])
[ 749/1000]; ttime: 1498 (0.00, 0.01); loss: 0.713
voxel pred : torch.Size([32, 1, 32, 32, 32])
[ 750/1000]; ttime: 1498 (0.01, 0.03); loss: 0.712
voxel pred : torch.Size([32, 1, 32, 32, 32])
[ 751/1000]; ttime: 1506 (7.63, 7.64); loss: 0.713
voxel pred : torch.Size([32, 1, 32, 32, 32])
[ 752/1000]; ttime: 1506 (0.00, 0.01); loss: 0.713
voxel pred : torch.Size([32, 1, 32, 32, 32])
[ 753/1000]; ttime: 1506 (0.00, 0.01); loss: 0.710
voxel pred : torch.Size([32, 1, 32, 32, 32])
[ 754/1000]; ttime: 1506 (0.00, 0.01); loss: 0.713
voxel pred : torch.Size([32, 1, 32, 32, 32])
[ 755/1000]; ttime: 1510 (4.71, 4.71); loss: 0.710
voxel pred : torch.Size([32, 1, 32, 32, 32])
[ 756/1000]; ttime: 1510 (0.00, 0.01); loss: 0.709
voxel pred : torch.Size([32, 1, 32, 32, 32])
[ 757/1000]; ttime: 1511 (0.00, 0.01); loss: 0.712
voxel pred : torch.Size([32, 1, 32, 32, 32])
[ 758/1000]; ttime: 1511 (0.00, 0.01); loss: 0.712
voxel pred : torch.Size([32, 1, 32, 32, 32])
[ 759/1000]; ttime: 1516 (5.43, 5.43); loss: 0.713
voxel pred : torch.Size([32, 1, 32, 32, 32])
[ 760/1000]; ttime: 1525 (8.62, 8.98); loss: 0.713
voxel pred : torch.Size([32, 1, 32, 32, 32])
[ 761/1000]; ttime: 1525 (0.00, 0.02); loss: 0.712
voxel pred : torch.Size([32, 1, 32, 32, 32])
[ 762/1000]; ttime: 1525 (0.02, 0.02); loss: 0.711
voxel pred : torch.Size([32, 1, 32, 32, 32])
[ 763/1000]; ttime: 1525 (0.00, 0.01); loss: 0.709
voxel pred : torch.Size([32, 1, 32, 32, 32])
[ 764/1000]; ttime: 1532 (7.26, 7.27); loss: 0.711
voxel pred : torch.Size([32, 1, 32, 32, 32])
[ 765/1000]; ttime: 1532 (0.00, 0.01); loss: 0.710
voxel pred : torch.Size([32, 1, 32, 32, 32])
[ 766/1000]; ttime: 1532 (0.01, 0.02); loss: 0.711
voxel pred : torch.Size([32, 1, 32, 32, 32])
[ 767/1000]; ttime: 1533 (0.02, 0.04); loss: 0.710
voxel pred : torch.Size([32, 1, 32, 32, 32])
[ 768/1000]; ttime: 1540 (7.32, 7.32); loss: 0.712
voxel pred : torch.Size([32, 1, 32, 32, 32])
[ 769/1000]; ttime: 1541 (1.34, 1.35); loss: 0.712
voxel pred : torch.Size([32, 1, 32, 32, 32])
[ 770/1000]; ttime: 1541 (0.02, 0.04); loss: 0.712
voxel pred : torch.Size([32, 1, 32, 32, 32])
[ 771/1000]; ttime: 1541 (0.01, 0.03); loss: 0.710
voxel pred : torch.Size([32, 1, 32, 32, 32])
[ 772/1000]; ttime: 1549 (7.27, 7.28); loss: 0.711
voxel pred : torch.Size([32, 1, 32, 32, 32])
[ 773/1000]; ttime: 1549 (0.00, 0.01); loss: 0.711
voxel pred : torch.Size([32, 1, 32, 32, 32])
[ 774/1000]; ttime: 1549 (0.00, 0.01); loss: 0.709
voxel pred : torch.Size([32, 1, 32, 32, 32])
[ 775/1000]; ttime: 1549 (0.01, 0.03); loss: 0.712
voxel pred : torch.Size([32, 1, 32, 32, 32])
[ 776/1000]; ttime: 1557 (8.64, 8.65); loss: 0.712
voxel pred : torch.Size([32, 1, 32, 32, 32])
[ 777/1000]; ttime: 1557 (0.01, 0.02); loss: 0.711
voxel pred : torch.Size([32, 1, 32, 32, 32])
[ 778/1000]; ttime: 1557 (0.01, 0.02); loss: 0.711
voxel pred : torch.Size([32, 1, 32, 32, 32])
[ 779/1000]; ttime: 1558 (0.01, 0.02); loss: 0.710
voxel pred : torch.Size([32, 1, 32, 32, 32])
[ 780/1000]; ttime: 1562 (4.11, 4.11); loss: 0.710
voxel pred : torch.Size([32, 1, 32, 32, 32])
[ 781/1000]; ttime: 1562 (0.00, 0.02); loss: 0.710
voxel pred : torch.Size([32, 1, 32, 32, 32])
[ 782/1000]; ttime: 1562 (0.00, 0.01); loss: 0.710
voxel pred : torch.Size([32, 1, 32, 32, 32])
[ 783/1000]; ttime: 1562 (0.00, 0.01); loss: 0.710
voxel pred : torch.Size([32, 1, 32, 32, 32])
[ 784/1000]; ttime: 1569 (7.54, 7.55); loss: 0.713
voxel pred : torch.Size([32, 1, 32, 32, 32])
[ 785/1000]; ttime: 1569 (0.01, 0.02); loss: 0.712
voxel pred : torch.Size([32, 1, 32, 32, 32])
[ 786/1000]; ttime: 1570 (0.80, 0.81); loss: 0.709
voxel pred : torch.Size([32, 1, 32, 32, 32])
[ 787/1000]; ttime: 1570 (0.01, 0.03); loss: 0.712
voxel pred : torch.Size([32, 1, 32, 32, 32])
[ 788/1000]; ttime: 1577 (6.47, 6.48); loss: 0.710
voxel pred : torch.Size([32, 1, 32, 32, 32])
[ 789/1000]; ttime: 1577 (0.00, 0.02); loss: 0.712
voxel pred : torch.Size([32, 1, 32, 32, 32])
[ 790/1000]; ttime: 1577 (0.00, 0.01); loss: 0.710
voxel pred : torch.Size([32, 1, 32, 32, 32])
[ 791/1000]; ttime: 1578 (0.93, 0.94); loss: 0.711
voxel pred : torch.Size([32, 1, 32, 32, 32])
[ 792/1000]; ttime: 1585 (7.24, 7.25); loss: 0.711
voxel pred : torch.Size([32, 1, 32, 32, 32])
[ 793/1000]; ttime: 1593 (8.07, 8.08); loss: 0.711
voxel pred : torch.Size([32, 1, 32, 32, 32])
[ 794/1000]; ttime: 1593 (0.01, 0.02); loss: 0.710
voxel pred : torch.Size([32, 1, 32, 32, 32])
[ 795/1000]; ttime: 1593 (0.02, 0.04); loss: 0.708
voxel pred : torch.Size([32, 1, 32, 32, 32])
[ 796/1000]; ttime: 1593 (0.01, 0.03); loss: 0.710
voxel pred : torch.Size([32, 1, 32, 32, 32])
[ 797/1000]; ttime: 1598 (5.17, 5.18); loss: 0.708
voxel pred : torch.Size([32, 1, 32, 32, 32])
[ 798/1000]; ttime: 1599 (0.00, 0.02); loss: 0.709
voxel pred : torch.Size([32, 1, 32, 32, 32])
[ 799/1000]; ttime: 1599 (0.01, 0.02); loss: 0.709
voxel pred : torch.Size([32, 1, 32, 32, 32])
Saving checkpoint at step 800
[ 800/1000]; ttime: 1601 (2.61, 2.62); loss: 0.710
voxel pred : torch.Size([32, 1, 32, 32, 32])
[ 801/1000]; ttime: 1605 (3.02, 3.03); loss: 0.711
voxel pred : torch.Size([32, 1, 32, 32, 32])
[ 802/1000]; ttime: 1605 (0.01, 0.02); loss: 0.710
voxel pred : torch.Size([32, 1, 32, 32, 32])
[ 803/1000]; ttime: 1605 (0.01, 0.02); loss: 0.709
voxel pred : torch.Size([32, 1, 32, 32, 32])
[ 804/1000]; ttime: 1608 (3.56, 3.57); loss: 0.710
voxel pred : torch.Size([32, 1, 32, 32, 32])
[ 805/1000]; ttime: 1612 (4.09, 4.09); loss: 0.711
voxel pred : torch.Size([32, 1, 32, 32, 32])
[ 806/1000]; ttime: 1612 (0.14, 0.14); loss: 0.709
voxel pred : torch.Size([32, 1, 32, 32, 32])
[ 807/1000]; ttime: 1613 (0.01, 0.04); loss: 0.711
voxel pred : torch.Size([32, 1, 32, 32, 32])
[ 808/1000]; ttime: 1617 (4.76, 4.77); loss: 0.710
voxel pred : torch.Size([32, 1, 32, 32, 32])
[ 809/1000]; ttime: 1620 (2.19, 2.20); loss: 0.710
voxel pred : torch.Size([32, 1, 32, 32, 32])
[ 810/1000]; ttime: 1620 (0.00, 0.01); loss: 0.708
voxel pred : torch.Size([32, 1, 32, 32, 32])
[ 811/1000]; ttime: 1620 (0.00, 0.01); loss: 0.710
voxel pred : torch.Size([32, 1, 32, 32, 32])
[ 812/1000]; ttime: 1627 (7.05, 7.05); loss: 0.710
voxel pred : torch.Size([32, 1, 32, 32, 32])
[ 813/1000]; ttime: 1627 (0.00, 0.03); loss: 0.710
voxel pred : torch.Size([32, 1, 32, 32, 32])
[ 814/1000]; ttime: 1627 (0.01, 0.02); loss: 0.710
voxel pred : torch.Size([32, 1, 32, 32, 32])
[ 815/1000]; ttime: 1627 (0.01, 0.02); loss: 0.709
voxel pred : torch.Size([32, 1, 32, 32, 32])
[ 816/1000]; ttime: 1632 (5.49, 5.49); loss: 0.709
voxel pred : torch.Size([32, 1, 32, 32, 32])
[ 817/1000]; ttime: 1632 (0.00, 0.01); loss: 0.710
voxel pred : torch.Size([32, 1, 32, 32, 32])
[ 818/1000]; ttime: 1632 (0.01, 0.02); loss: 0.711
voxel pred : torch.Size([32, 1, 32, 32, 32])
[ 819/1000]; ttime: 1633 (0.18, 0.19); loss: 0.707
voxel pred : torch.Size([32, 1, 32, 32, 32])
[ 820/1000]; ttime: 1638 (5.06, 5.07); loss: 0.708
voxel pred : torch.Size([32, 1, 32, 32, 32])
[ 821/1000]; ttime: 1638 (0.00, 0.01); loss: 0.709
voxel pred : torch.Size([32, 1, 32, 32, 32])
[ 822/1000]; ttime: 1640 (1.94, 1.95); loss: 0.712
voxel pred : torch.Size([32, 1, 32, 32, 32])
[ 823/1000]; ttime: 1640 (0.00, 0.01); loss: 0.709
voxel pred : torch.Size([32, 1, 32, 32, 32])
[ 824/1000]; ttime: 1646 (6.22, 6.23); loss: 0.709
voxel pred : torch.Size([32, 1, 32, 32, 32])
[ 825/1000]; ttime: 1646 (0.00, 0.02); loss: 0.708
voxel pred : torch.Size([32, 1, 32, 32, 32])
[ 826/1000]; ttime: 1647 (0.82, 0.83); loss: 0.710
voxel pred : torch.Size([32, 1, 32, 32, 32])
[ 827/1000]; ttime: 1647 (0.00, 0.02); loss: 0.709
voxel pred : torch.Size([32, 1, 32, 32, 32])
[ 828/1000]; ttime: 1654 (7.25, 7.25); loss: 0.709
voxel pred : torch.Size([32, 1, 32, 32, 32])
[ 829/1000]; ttime: 1654 (0.00, 0.01); loss: 0.711
voxel pred : torch.Size([32, 1, 32, 32, 32])
[ 830/1000]; ttime: 1655 (0.74, 0.75); loss: 0.710
voxel pred : torch.Size([32, 1, 32, 32, 32])
[ 831/1000]; ttime: 1657 (1.83, 1.84); loss: 0.708
voxel pred : torch.Size([32, 1, 32, 32, 32])
[ 832/1000]; ttime: 1660 (3.02, 3.03); loss: 0.709
voxel pred : torch.Size([32, 1, 32, 32, 32])
[ 833/1000]; ttime: 1660 (0.01, 0.03); loss: 0.709
voxel pred : torch.Size([32, 1, 32, 32, 32])
[ 834/1000]; ttime: 1662 (1.72, 1.73); loss: 0.710
voxel pred : torch.Size([32, 1, 32, 32, 32])
[ 835/1000]; ttime: 1665 (2.84, 2.85); loss: 0.709
voxel pred : torch.Size([32, 1, 32, 32, 32])
[ 836/1000]; ttime: 1668 (3.01, 3.02); loss: 0.709
voxel pred : torch.Size([32, 1, 32, 32, 32])
[ 837/1000]; ttime: 1668 (0.02, 0.02); loss: 0.709
voxel pred : torch.Size([32, 1, 32, 32, 32])
[ 838/1000]; ttime: 1668 (0.01, 0.03); loss: 0.710
voxel pred : torch.Size([32, 1, 32, 32, 32])
[ 839/1000]; ttime: 1672 (3.88, 3.89); loss: 0.709
voxel pred : torch.Size([32, 1, 32, 32, 32])
[ 840/1000]; ttime: 1674 (2.01, 2.02); loss: 0.705
voxel pred : torch.Size([32, 1, 32, 32, 32])
[ 841/1000]; ttime: 1674 (0.02, 0.03); loss: 0.710
voxel pred : torch.Size([32, 1, 32, 32, 32])
[ 842/1000]; ttime: 1674 (0.36, 0.36); loss: 0.710
voxel pred : torch.Size([32, 1, 32, 32, 32])
[ 843/1000]; ttime: 1676 (1.48, 1.48); loss: 0.708
voxel pred : torch.Size([32, 1, 32, 32, 32])
[ 844/1000]; ttime: 1682 (6.87, 6.88); loss: 0.708
voxel pred : torch.Size([32, 1, 32, 32, 32])
[ 845/1000]; ttime: 1682 (0.00, 0.01); loss: 0.709
voxel pred : torch.Size([32, 1, 32, 32, 32])
[ 846/1000]; ttime: 1683 (0.01, 0.04); loss: 0.711
voxel pred : torch.Size([32, 1, 32, 32, 32])
[ 847/1000]; ttime: 1683 (0.00, 0.02); loss: 0.708
voxel pred : torch.Size([32, 1, 32, 32, 32])
[ 848/1000]; ttime: 1688 (5.19, 5.20); loss: 0.708
voxel pred : torch.Size([32, 1, 32, 32, 32])
[ 849/1000]; ttime: 1688 (0.00, 0.02); loss: 0.710
voxel pred : torch.Size([32, 1, 32, 32, 32])
[ 850/1000]; ttime: 1688 (0.01, 0.03); loss: 0.709
voxel pred : torch.Size([32, 1, 32, 32, 32])
[ 851/1000]; ttime: 1692 (4.48, 4.49); loss: 0.706
voxel pred : torch.Size([32, 1, 32, 32, 32])
[ 852/1000]; ttime: 1694 (1.57, 1.58); loss: 0.708
voxel pred : torch.Size([32, 1, 32, 32, 32])
[ 853/1000]; ttime: 1694 (0.00, 0.01); loss: 0.709
voxel pred : torch.Size([32, 1, 32, 32, 32])
[ 854/1000]; ttime: 1694 (0.00, 0.01); loss: 0.710
voxel pred : torch.Size([32, 1, 32, 32, 32])
[ 855/1000]; ttime: 1702 (7.71, 7.72); loss: 0.708
voxel pred : torch.Size([32, 1, 32, 32, 32])
[ 856/1000]; ttime: 1702 (0.01, 0.02); loss: 0.706
voxel pred : torch.Size([32, 1, 32, 32, 32])
[ 857/1000]; ttime: 1702 (0.00, 0.02); loss: 0.708
voxel pred : torch.Size([32, 1, 32, 32, 32])
[ 858/1000]; ttime: 1706 (3.63, 3.64); loss: 0.709
voxel pred : torch.Size([32, 1, 32, 32, 32])
[ 859/1000]; ttime: 1708 (2.68, 2.68); loss: 0.708
voxel pred : torch.Size([32, 1, 32, 32, 32])
[ 860/1000]; ttime: 1708 (0.00, 0.02); loss: 0.708
voxel pred : torch.Size([32, 1, 32, 32, 32])
[ 861/1000]; ttime: 1708 (0.00, 0.01); loss: 0.709
voxel pred : torch.Size([32, 1, 32, 32, 32])
[ 862/1000]; ttime: 1710 (1.45, 1.46); loss: 0.708
voxel pred : torch.Size([32, 1, 32, 32, 32])
[ 863/1000]; ttime: 1713 (3.35, 3.36); loss: 0.709
voxel pred : torch.Size([32, 1, 32, 32, 32])
[ 864/1000]; ttime: 1713 (0.00, 0.01); loss: 0.707
voxel pred : torch.Size([32, 1, 32, 32, 32])
[ 865/1000]; ttime: 1713 (0.00, 0.01); loss: 0.708
voxel pred : torch.Size([32, 1, 32, 32, 32])
[ 866/1000]; ttime: 1716 (2.31, 2.32); loss: 0.708
voxel pred : torch.Size([32, 1, 32, 32, 32])
[ 867/1000]; ttime: 1719 (3.80, 3.81); loss: 0.709
voxel pred : torch.Size([32, 1, 32, 32, 32])
[ 868/1000]; ttime: 1720 (0.95, 0.96); loss: 0.706
voxel pred : torch.Size([32, 1, 32, 32, 32])
[ 869/1000]; ttime: 1720 (0.01, 0.01); loss: 0.706
voxel pred : torch.Size([32, 1, 32, 32, 32])
[ 870/1000]; ttime: 1721 (1.04, 1.05); loss: 0.708
voxel pred : torch.Size([32, 1, 32, 32, 32])
[ 871/1000]; ttime: 1727 (5.40, 5.41); loss: 0.706
voxel pred : torch.Size([32, 1, 32, 32, 32])
[ 872/1000]; ttime: 1728 (1.12, 1.13); loss: 0.708
voxel pred : torch.Size([32, 1, 32, 32, 32])
[ 873/1000]; ttime: 1728 (0.00, 0.01); loss: 0.706
voxel pred : torch.Size([32, 1, 32, 32, 32])
[ 874/1000]; ttime: 1730 (2.33, 2.34); loss: 0.708
voxel pred : torch.Size([32, 1, 32, 32, 32])
[ 875/1000]; ttime: 1736 (5.49, 5.50); loss: 0.708
voxel pred : torch.Size([32, 1, 32, 32, 32])
[ 876/1000]; ttime: 1736 (0.01, 0.01); loss: 0.708
voxel pred : torch.Size([32, 1, 32, 32, 32])
[ 877/1000]; ttime: 1736 (0.00, 0.01); loss: 0.709
voxel pred : torch.Size([32, 1, 32, 32, 32])
[ 878/1000]; ttime: 1742 (6.33, 6.34); loss: 0.709
voxel pred : torch.Size([32, 1, 32, 32, 32])
[ 879/1000]; ttime: 1742 (0.01, 0.02); loss: 0.709
voxel pred : torch.Size([32, 1, 32, 32, 32])
[ 880/1000]; ttime: 1742 (0.01, 0.02); loss: 0.707
voxel pred : torch.Size([32, 1, 32, 32, 32])
[ 881/1000]; ttime: 1743 (0.00, 0.01); loss: 0.707
voxel pred : torch.Size([32, 1, 32, 32, 32])
[ 882/1000]; ttime: 1748 (5.88, 5.88); loss: 0.708
voxel pred : torch.Size([32, 1, 32, 32, 32])
[ 883/1000]; ttime: 1749 (1.04, 1.04); loss: 0.709
voxel pred : torch.Size([32, 1, 32, 32, 32])
[ 884/1000]; ttime: 1750 (0.00, 0.01); loss: 0.707
voxel pred : torch.Size([32, 1, 32, 32, 32])
[ 885/1000]; ttime: 1750 (0.01, 0.03); loss: 0.708
voxel pred : torch.Size([32, 1, 32, 32, 32])
[ 886/1000]; ttime: 1755 (5.27, 5.28); loss: 0.707
voxel pred : torch.Size([32, 1, 32, 32, 32])
[ 887/1000]; ttime: 1760 (4.61, 4.62); loss: 0.708
voxel pred : torch.Size([32, 1, 32, 32, 32])
[ 888/1000]; ttime: 1760 (0.01, 0.01); loss: 0.707
voxel pred : torch.Size([32, 1, 32, 32, 32])
[ 889/1000]; ttime: 1760 (0.02, 0.03); loss: 0.706
voxel pred : torch.Size([32, 1, 32, 32, 32])
[ 890/1000]; ttime: 1765 (5.59, 5.60); loss: 0.708
voxel pred : torch.Size([32, 1, 32, 32, 32])
[ 891/1000]; ttime: 1765 (0.01, 0.01); loss: 0.708
voxel pred : torch.Size([32, 1, 32, 32, 32])
[ 892/1000]; ttime: 1765 (0.00, 0.01); loss: 0.708
voxel pred : torch.Size([32, 1, 32, 32, 32])
[ 893/1000]; ttime: 1765 (0.00, 0.01); loss: 0.708
voxel pred : torch.Size([32, 1, 32, 32, 32])
[ 894/1000]; ttime: 1775 (9.18, 9.19); loss: 0.708
voxel pred : torch.Size([32, 1, 32, 32, 32])
[ 895/1000]; ttime: 1775 (0.00, 0.01); loss: 0.707
voxel pred : torch.Size([32, 1, 32, 32, 32])
[ 896/1000]; ttime: 1775 (0.01, 0.03); loss: 0.707
voxel pred : torch.Size([32, 1, 32, 32, 32])
[ 897/1000]; ttime: 1775 (0.01, 0.03); loss: 0.708
voxel pred : torch.Size([32, 1, 32, 32, 32])
[ 898/1000]; ttime: 1781 (5.95, 5.96); loss: 0.706
voxel pred : torch.Size([32, 1, 32, 32, 32])
[ 899/1000]; ttime: 1781 (0.00, 0.01); loss: 0.707
voxel pred : torch.Size([32, 1, 32, 32, 32])
Saving checkpoint at step 900
[ 900/1000]; ttime: 1781 (0.02, 0.02); loss: 0.708
voxel pred : torch.Size([32, 1, 32, 32, 32])
[ 901/1000]; ttime: 1781 (0.00, 0.01); loss: 0.706
voxel pred : torch.Size([32, 1, 32, 32, 32])
[ 902/1000]; ttime: 1787 (6.24, 6.25); loss: 0.709
voxel pred : torch.Size([32, 1, 32, 32, 32])
[ 903/1000]; ttime: 1787 (0.00, 0.02); loss: 0.707
voxel pred : torch.Size([32, 1, 32, 32, 32])
[ 904/1000]; ttime: 1787 (0.00, 0.02); loss: 0.708
voxel pred : torch.Size([32, 1, 32, 32, 32])
[ 905/1000]; ttime: 1787 (0.00, 0.01); loss: 0.707
voxel pred : torch.Size([32, 1, 32, 32, 32])
[ 906/1000]; ttime: 1792 (4.46, 4.47); loss: 0.708
voxel pred : torch.Size([32, 1, 32, 32, 32])
[ 907/1000]; ttime: 1792 (0.00, 0.02); loss: 0.707
voxel pred : torch.Size([32, 1, 32, 32, 32])
[ 908/1000]; ttime: 1792 (0.00, 0.01); loss: 0.706
voxel pred : torch.Size([32, 1, 32, 32, 32])
[ 909/1000]; ttime: 1792 (0.01, 0.02); loss: 0.708
voxel pred : torch.Size([32, 1, 32, 32, 32])
[ 910/1000]; ttime: 1796 (4.50, 4.51); loss: 0.708
voxel pred : torch.Size([32, 1, 32, 32, 32])
[ 911/1000]; ttime: 1796 (0.00, 0.02); loss: 0.707
voxel pred : torch.Size([32, 1, 32, 32, 32])
[ 912/1000]; ttime: 1796 (0.01, 0.02); loss: 0.708
voxel pred : torch.Size([32, 1, 32, 32, 32])
[ 913/1000]; ttime: 1801 (4.62, 4.63); loss: 0.707
voxel pred : torch.Size([32, 1, 32, 32, 32])
[ 914/1000]; ttime: 1804 (2.87, 2.87); loss: 0.707
voxel pred : torch.Size([32, 1, 32, 32, 32])
[ 915/1000]; ttime: 1804 (0.00, 0.01); loss: 0.708
voxel pred : torch.Size([32, 1, 32, 32, 32])
[ 916/1000]; ttime: 1804 (0.02, 0.02); loss: 0.707
voxel pred : torch.Size([32, 1, 32, 32, 32])
[ 917/1000]; ttime: 1818 (13.40, 13.40); loss: 0.707
voxel pred : torch.Size([32, 1, 32, 32, 32])
[ 918/1000]; ttime: 1818 (0.01, 0.01); loss: 0.708
voxel pred : torch.Size([32, 1, 32, 32, 32])
[ 919/1000]; ttime: 1818 (0.02, 0.03); loss: 0.708
voxel pred : torch.Size([32, 1, 32, 32, 32])
[ 920/1000]; ttime: 1818 (0.00, 0.01); loss: 0.708
voxel pred : torch.Size([32, 1, 32, 32, 32])
[ 921/1000]; ttime: 1823 (5.76, 5.76); loss: 0.708
voxel pred : torch.Size([32, 1, 32, 32, 32])
[ 922/1000]; ttime: 1823 (0.01, 0.02); loss: 0.709
voxel pred : torch.Size([32, 1, 32, 32, 32])
[ 923/1000]; ttime: 1824 (0.02, 0.04); loss: 0.706
voxel pred : torch.Size([32, 1, 32, 32, 32])
[ 924/1000]; ttime: 1824 (0.01, 0.03); loss: 0.706
voxel pred : torch.Size([32, 1, 32, 32, 32])
[ 925/1000]; ttime: 1829 (5.90, 5.90); loss: 0.705
voxel pred : torch.Size([32, 1, 32, 32, 32])
[ 926/1000]; ttime: 1830 (0.00, 0.02); loss: 0.706
voxel pred : torch.Size([32, 1, 32, 32, 32])
[ 927/1000]; ttime: 1830 (0.01, 0.03); loss: 0.708
voxel pred : torch.Size([32, 1, 32, 32, 32])
[ 928/1000]; ttime: 1830 (0.01, 0.03); loss: 0.705
voxel pred : torch.Size([32, 1, 32, 32, 32])
[ 929/1000]; ttime: 1836 (6.51, 6.52); loss: 0.708
voxel pred : torch.Size([32, 1, 32, 32, 32])
[ 930/1000]; ttime: 1836 (0.01, 0.02); loss: 0.707
voxel pred : torch.Size([32, 1, 32, 32, 32])
[ 931/1000]; ttime: 1861 (24.87, 24.88); loss: 0.707
voxel pred : torch.Size([32, 1, 32, 32, 32])
[ 932/1000]; ttime: 1861 (0.03, 0.03); loss: 0.708
voxel pred : torch.Size([32, 1, 32, 32, 32])
[ 933/1000]; ttime: 1861 (0.01, 0.01); loss: 0.708
voxel pred : torch.Size([32, 1, 32, 32, 32])
[ 934/1000]; ttime: 1861 (0.02, 0.03); loss: 0.706
voxel pred : torch.Size([32, 1, 32, 32, 32])
[ 935/1000]; ttime: 1871 (9.55, 9.56); loss: 0.705
voxel pred : torch.Size([32, 1, 32, 32, 32])
[ 936/1000]; ttime: 1871 (0.00, 0.01); loss: 0.705
voxel pred : torch.Size([32, 1, 32, 32, 32])
[ 937/1000]; ttime: 1871 (0.00, 0.01); loss: 0.705
voxel pred : torch.Size([32, 1, 32, 32, 32])
[ 938/1000]; ttime: 1871 (0.01, 0.02); loss: 0.707
voxel pred : torch.Size([32, 1, 32, 32, 32])
[ 939/1000]; ttime: 1876 (5.01, 5.02); loss: 0.706
voxel pred : torch.Size([32, 1, 32, 32, 32])
[ 940/1000]; ttime: 1876 (0.00, 0.01); loss: 0.707
voxel pred : torch.Size([32, 1, 32, 32, 32])
[ 941/1000]; ttime: 1876 (0.00, 0.01); loss: 0.707
voxel pred : torch.Size([32, 1, 32, 32, 32])
[ 942/1000]; ttime: 1876 (0.01, 0.01); loss: 0.706
voxel pred : torch.Size([32, 1, 32, 32, 32])
[ 943/1000]; ttime: 1881 (5.09, 5.10); loss: 0.706
voxel pred : torch.Size([32, 1, 32, 32, 32])
[ 944/1000]; ttime: 1881 (0.00, 0.01); loss: 0.705
voxel pred : torch.Size([32, 1, 32, 32, 32])
[ 945/1000]; ttime: 1881 (0.00, 0.01); loss: 0.706
voxel pred : torch.Size([32, 1, 32, 32, 32])
[ 946/1000]; ttime: 1881 (0.00, 0.01); loss: 0.706
voxel pred : torch.Size([32, 1, 32, 32, 32])
[ 947/1000]; ttime: 1885 (3.32, 3.33); loss: 0.706
voxel pred : torch.Size([32, 1, 32, 32, 32])
[ 948/1000]; ttime: 1886 (0.91, 0.91); loss: 0.707
voxel pred : torch.Size([32, 1, 32, 32, 32])
[ 949/1000]; ttime: 1886 (0.00, 0.01); loss: 0.707
voxel pred : torch.Size([32, 1, 32, 32, 32])
[ 950/1000]; ttime: 1895 (9.27, 9.59); loss: 0.705
voxel pred : torch.Size([32, 1, 32, 32, 32])
[ 951/1000]; ttime: 1895 (0.00, 0.01); loss: 0.705
voxel pred : torch.Size([32, 1, 32, 32, 32])
[ 952/1000]; ttime: 1895 (0.00, 0.01); loss: 0.707
voxel pred : torch.Size([32, 1, 32, 32, 32])
[ 953/1000]; ttime: 1896 (1.14, 1.14); loss: 0.706
voxel pred : torch.Size([32, 1, 32, 32, 32])
[ 954/1000]; ttime: 1904 (7.41, 7.42); loss: 0.706
voxel pred : torch.Size([32, 1, 32, 32, 32])
[ 955/1000]; ttime: 1904 (0.01, 0.01); loss: 0.706
voxel pred : torch.Size([32, 1, 32, 32, 32])
[ 956/1000]; ttime: 1904 (0.00, 0.01); loss: 0.706
voxel pred : torch.Size([32, 1, 32, 32, 32])
[ 957/1000]; ttime: 1905 (1.44, 1.45); loss: 0.705
voxel pred : torch.Size([32, 1, 32, 32, 32])
[ 958/1000]; ttime: 1908 (2.83, 2.83); loss: 0.706
voxel pred : torch.Size([32, 1, 32, 32, 32])
[ 959/1000]; ttime: 1908 (0.00, 0.02); loss: 0.705
voxel pred : torch.Size([32, 1, 32, 32, 32])
[ 960/1000]; ttime: 1908 (0.01, 0.03); loss: 0.706
voxel pred : torch.Size([32, 1, 32, 32, 32])
[ 961/1000]; ttime: 1910 (2.03, 2.03); loss: 0.707
voxel pred : torch.Size([32, 1, 32, 32, 32])
[ 962/1000]; ttime: 1918 (7.15, 7.16); loss: 0.705
voxel pred : torch.Size([32, 1, 32, 32, 32])
[ 963/1000]; ttime: 1918 (0.00, 0.01); loss: 0.706
voxel pred : torch.Size([32, 1, 32, 32, 32])
[ 964/1000]; ttime: 1918 (0.00, 0.01); loss: 0.707
voxel pred : torch.Size([32, 1, 32, 32, 32])
[ 965/1000]; ttime: 1918 (0.53, 0.53); loss: 0.706
voxel pred : torch.Size([32, 1, 32, 32, 32])
[ 966/1000]; ttime: 1924 (5.57, 5.58); loss: 0.704
voxel pred : torch.Size([32, 1, 32, 32, 32])
[ 967/1000]; ttime: 1924 (0.02, 0.02); loss: 0.707
voxel pred : torch.Size([32, 1, 32, 32, 32])
[ 968/1000]; ttime: 1924 (0.00, 0.01); loss: 0.705
voxel pred : torch.Size([32, 1, 32, 32, 32])
[ 969/1000]; ttime: 1925 (1.19, 1.20); loss: 0.703
voxel pred : torch.Size([32, 1, 32, 32, 32])
[ 970/1000]; ttime: 1934 (8.45, 8.45); loss: 0.704
voxel pred : torch.Size([32, 1, 32, 32, 32])
[ 971/1000]; ttime: 1934 (0.00, 0.01); loss: 0.706
voxel pred : torch.Size([32, 1, 32, 32, 32])
[ 972/1000]; ttime: 1934 (0.00, 0.01); loss: 0.706
voxel pred : torch.Size([32, 1, 32, 32, 32])
[ 973/1000]; ttime: 1934 (0.00, 0.01); loss: 0.706
voxel pred : torch.Size([32, 1, 32, 32, 32])
[ 974/1000]; ttime: 1938 (4.48, 4.49); loss: 0.705
voxel pred : torch.Size([32, 1, 32, 32, 32])
[ 975/1000]; ttime: 1938 (0.00, 0.02); loss: 0.706
voxel pred : torch.Size([32, 1, 32, 32, 32])
[ 976/1000]; ttime: 1940 (1.47, 1.48); loss: 0.705
voxel pred : torch.Size([32, 1, 32, 32, 32])
[ 977/1000]; ttime: 1942 (2.05, 2.07); loss: 0.706
voxel pred : torch.Size([32, 1, 32, 32, 32])
[ 978/1000]; ttime: 1947 (5.02, 5.03); loss: 0.705
voxel pred : torch.Size([32, 1, 32, 32, 32])
[ 979/1000]; ttime: 1947 (0.01, 0.01); loss: 0.707
voxel pred : torch.Size([32, 1, 32, 32, 32])
[ 980/1000]; ttime: 1947 (0.38, 0.39); loss: 0.704
voxel pred : torch.Size([32, 1, 32, 32, 32])
[ 981/1000]; ttime: 1947 (0.02, 0.02); loss: 0.706
voxel pred : torch.Size([32, 1, 32, 32, 32])
[ 982/1000]; ttime: 1959 (11.43, 11.44); loss: 0.706
voxel pred : torch.Size([32, 1, 32, 32, 32])
[ 983/1000]; ttime: 1959 (0.01, 0.02); loss: 0.706
voxel pred : torch.Size([32, 1, 32, 32, 32])
[ 984/1000]; ttime: 1959 (0.00, 0.02); loss: 0.705
voxel pred : torch.Size([32, 1, 32, 32, 32])
[ 985/1000]; ttime: 1959 (0.03, 0.05); loss: 0.705
voxel pred : torch.Size([32, 1, 32, 32, 32])
[ 986/1000]; ttime: 1965 (6.29, 6.30); loss: 0.705
voxel pred : torch.Size([32, 1, 32, 32, 32])
[ 987/1000]; ttime: 1965 (0.00, 0.01); loss: 0.705
voxel pred : torch.Size([32, 1, 32, 32, 32])
[ 988/1000]; ttime: 1965 (0.00, 0.01); loss: 0.706
voxel pred : torch.Size([32, 1, 32, 32, 32])
[ 989/1000]; ttime: 1965 (0.00, 0.01); loss: 0.704
voxel pred : torch.Size([32, 1, 32, 32, 32])
[ 990/1000]; ttime: 1972 (6.72, 6.73); loss: 0.706
voxel pred : torch.Size([32, 1, 32, 32, 32])
[ 991/1000]; ttime: 1972 (0.00, 0.01); loss: 0.706
voxel pred : torch.Size([32, 1, 32, 32, 32])
[ 992/1000]; ttime: 1972 (0.00, 0.01); loss: 0.704
voxel pred : torch.Size([32, 1, 32, 32, 32])
[ 993/1000]; ttime: 1972 (0.01, 0.03); loss: 0.705
voxel pred : torch.Size([32, 1, 32, 32, 32])
[ 994/1000]; ttime: 1977 (4.67, 4.67); loss: 0.706
voxel pred : torch.Size([32, 1, 32, 32, 32])
[ 995/1000]; ttime: 1977 (0.00, 0.01); loss: 0.706
voxel pred : torch.Size([32, 1, 32, 32, 32])
[ 996/1000]; ttime: 1977 (0.00, 0.01); loss: 0.706
voxel pred : torch.Size([32, 1, 32, 32, 32])
[ 997/1000]; ttime: 1977 (0.02, 0.03); loss: 0.706
voxel pred : torch.Size([32, 1, 32, 32, 32])
[ 998/1000]; ttime: 1980 (2.81, 2.81); loss: 0.705
voxel pred : torch.Size([32, 1, 32, 32, 32])
[ 999/1000]; ttime: 2010 (30.46, 30.47); loss: 0.704
Done!
